{"/Users/kevinpanahi/Documents/Workspace/party-time/invitee_ui/src/App.css": {"path":"/Users/kevinpanahi/Documents/Workspace/party-time/invitee_ui/src/App.css","statementMap":{},"fnMap":{},"branchMap":{},"s":{},"f":{},"b":{},"meta":{"lastBranch":0,"lastFunction":0,"lastStatement":0,"seen":{},"fnNames":{}}}
,"/Users/kevinpanahi/Documents/Workspace/party-time/invitee_ui/src/App.jsx": {"path":"/Users/kevinpanahi/Documents/Workspace/party-time/invitee_ui/src/App.jsx","statementMap":{"0":{"start":{"line":7,"column":2},"end":{"line":13,"column":null}}},"fnMap":{"0":{"name":"App","decl":{"start":{"line":6,"column":24},"end":{"line":6,"column":30}},"loc":{"start":{"line":6,"column":30},"end":{"line":15,"column":null}},"line":6}},"branchMap":{},"s":{"0":0},"f":{"0":0},"b":{},"meta":{"lastBranch":0,"lastFunction":1,"lastStatement":1,"seen":{"f:6:24:6:30":0,"s:7:2:13:Infinity":0},"fnNames":{}}}
,"/Users/kevinpanahi/Documents/Workspace/party-time/invitee_ui/src/index.css": {"path":"/Users/kevinpanahi/Documents/Workspace/party-time/invitee_ui/src/index.css","statementMap":{},"fnMap":{},"branchMap":{},"s":{},"f":{},"b":{},"meta":{"lastBranch":0,"lastFunction":0,"lastStatement":0,"seen":{},"fnNames":{}}}
,"/Users/kevinpanahi/Documents/Workspace/party-time/invitee_ui/src/main.jsx": {"path":"/Users/kevinpanahi/Documents/Workspace/party-time/invitee_ui/src/main.jsx","statementMap":{"0":{"start":{"line":6,"column":0},"end":{"line":10,"column":null}}},"fnMap":{},"branchMap":{},"s":{"0":0},"f":{},"b":{},"meta":{"lastBranch":0,"lastFunction":0,"lastStatement":1,"seen":{"s:6:0:10:Infinity":0},"fnNames":{}}}
,"/Users/kevinpanahi/Documents/Workspace/party-time/invitee_ui/src/assets/hero.png": {"path":"/Users/kevinpanahi/Documents/Workspace/party-time/invitee_ui/src/assets/hero.png","statementMap":{},"fnMap":{},"branchMap":{},"s":{},"f":{},"b":{},"meta":{"lastBranch":0,"lastFunction":0,"lastStatement":0,"seen":{},"fnNames":{}}}
,"/Users/kevinpanahi/Documents/Workspace/party-time/invitee_ui/src/assets/react.svg": {"path":"/Users/kevinpanahi/Documents/Workspace/party-time/invitee_ui/src/assets/react.svg","statementMap":{},"fnMap":{},"branchMap":{},"s":{},"f":{},"b":{},"meta":{"lastBranch":0,"lastFunction":0,"lastStatement":0,"seen":{},"fnNames":{}}}
,"/Users/kevinpanahi/Documents/Workspace/party-time/invitee_ui/src/assets/vite.svg": {"path":"/Users/kevinpanahi/Documents/Workspace/party-time/invitee_ui/src/assets/vite.svg","statementMap":{},"fnMap":{},"branchMap":{},"s":{},"f":{},"b":{},"meta":{"lastBranch":0,"lastFunction":0,"lastStatement":0,"seen":{},"fnNames":{}}}
,"/Users/kevinpanahi/Documents/Workspace/party-time/invitee_ui/src/pages/InvitePage.jsx": {"path":"/Users/kevinpanahi/Documents/Workspace/party-time/invitee_ui/src/pages/InvitePage.jsx","statementMap":{"0":{"start":{"line":4,"column":13},"end":{"line":4,"column":null}},"1":{"start":{"line":7,"column":14},"end":{"line":7,"column":null}},"2":{"start":{"line":8,"column":2},"end":{"line":8,"column":null}},"3":{"start":{"line":8,"column":15},"end":{"line":8,"column":null}},"4":{"start":{"line":9,"column":2},"end":{"line":9,"column":null}},"5":{"start":{"line":13,"column":14},"end":{"line":17,"column":null}},"6":{"start":{"line":18,"column":2},"end":{"line":18,"column":null}},"7":{"start":{"line":18,"column":15},"end":{"line":18,"column":null}},"8":{"start":{"line":22,"column":2},"end":{"line":22,"column":null}},"9":{"start":{"line":22,"column":18},"end":{"line":22,"column":null}},"10":{"start":{"line":23,"column":12},"end":{"line":23,"column":null}},"11":{"start":{"line":24,"column":2},"end":{"line":24,"column":null}},"12":{"start":{"line":24,"column":16},"end":{"line":24,"column":null}},"13":{"start":{"line":25,"column":2},"end":{"line":28,"column":null}},"14":{"start":{"line":31,"column":21},"end":{"line":35,"column":null}},"15":{"start":{"line":38,"column":10},"end":{"line":38,"column":null}},"16":{"start":{"line":39,"column":17},"end":{"line":39,"column":null}},"17":{"start":{"line":40,"column":15},"end":{"line":40,"column":null}},"18":{"start":{"line":41,"column":17},"end":{"line":41,"column":null}},"19":{"start":{"line":42,"column":17},"end":{"line":42,"column":null}},"20":{"start":{"line":43,"column":16},"end":{"line":43,"column":null}},"21":{"start":{"line":45,"column":21},"end":{"line":45,"column":null}},"22":{"start":{"line":47,"column":2},"end":{"line":56,"column":null}},"23":{"start":{"line":48,"column":4},"end":{"line":55,"column":null}},"24":{"start":{"line":50,"column":8},"end":{"line":50,"column":null}},"25":{"start":{"line":51,"column":8},"end":{"line":51,"column":null}},"26":{"start":{"line":52,"column":8},"end":{"line":52,"column":null}},"27":{"start":{"line":53,"column":8},"end":{"line":53,"column":null}},"28":{"start":{"line":55,"column":20},"end":{"line":55,"column":39}},"29":{"start":{"line":59,"column":4},"end":{"line":59,"column":null}},"30":{"start":{"line":60,"column":4},"end":{"line":60,"column":null}},"31":{"start":{"line":64,"column":17},"end":{"line":64,"column":null}},"32":{"start":{"line":65,"column":4},"end":{"line":65,"column":null}},"33":{"start":{"line":66,"column":4},"end":{"line":66,"column":null}},"34":{"start":{"line":70,"column":4},"end":{"line":70,"column":null}},"35":{"start":{"line":71,"column":4},"end":{"line":78,"column":null}},"36":{"start":{"line":72,"column":6},"end":{"line":72,"column":null}},"37":{"start":{"line":73,"column":6},"end":{"line":73,"column":null}},"38":{"start":{"line":74,"column":6},"end":{"line":74,"column":null}},"39":{"start":{"line":74,"column":23},"end":{"line":74,"column":42}},"40":{"start":{"line":76,"column":6},"end":{"line":76,"column":null}},"41":{"start":{"line":77,"column":6},"end":{"line":77,"column":null}},"42":{"start":{"line":81,"column":2},"end":{"line":90,"column":null}},"43":{"start":{"line":82,"column":4},"end":{"line":88,"column":null}},"44":{"start":{"line":92,"column":2},"end":{"line":98,"column":null}},"45":{"start":{"line":93,"column":4},"end":{"line":96,"column":null}},"46":{"start":{"line":100,"column":17},"end":{"line":100,"column":null}},"47":{"start":{"line":101,"column":19},"end":{"line":101,"column":null}},"48":{"start":{"line":103,"column":2},"end":{"line":203,"column":null}},"49":{"start":{"line":135,"column":18},"end":{"line":142,"column":null}},"50":{"start":{"line":138,"column":35},"end":{"line":138,"column":null}},"51":{"start":{"line":156,"column":37},"end":{"line":156,"column":null}},"52":{"start":{"line":162,"column":37},"end":{"line":162,"column":null}},"53":{"start":{"line":185,"column":18},"end":{"line":195,"column":null}},"54":{"start":{"line":208,"column":14},"end":{"line":213,"column":null}},"55":{"start":{"line":214,"column":25},"end":{"line":214,"column":null}},"56":{"start":{"line":215,"column":2},"end":{"line":215,"column":null}},"57":{"start":{"line":219,"column":2},"end":{"line":223,"column":null}}},"fnMap":{"0":{"name":"fetchInvite","decl":{"start":{"line":6,"column":15},"end":{"line":6,"column":27}},"loc":{"start":{"line":6,"column":31},"end":{"line":10,"column":null}},"line":6},"1":{"name":"saveRSVP","decl":{"start":{"line":12,"column":15},"end":{"line":12,"column":24}},"loc":{"start":{"line":12,"column":60},"end":{"line":19,"column":null}},"line":12},"2":{"name":"formatEventDate","decl":{"start":{"line":21,"column":9},"end":{"line":21,"column":25}},"loc":{"start":{"line":21,"column":36},"end":{"line":29,"column":null}},"line":21},"3":{"name":"InvitePage","decl":{"start":{"line":37,"column":24},"end":{"line":37,"column":37}},"loc":{"start":{"line":37,"column":37},"end":{"line":205,"column":null}},"line":37},"4":{"name":"(anonymous_4)","decl":{"start":{"line":47,"column":2},"end":{"line":47,"column":18}},"loc":{"start":{"line":47,"column":18},"end":{"line":56,"column":5}},"line":47},"5":{"name":"(anonymous_5)","decl":{"start":{"line":49,"column":7},"end":{"line":49,"column":13}},"loc":{"start":{"line":49,"column":22},"end":{"line":54,"column":7}},"line":49},"6":{"name":"(anonymous_6)","decl":{"start":{"line":55,"column":7},"end":{"line":55,"column":14}},"loc":{"start":{"line":55,"column":20},"end":{"line":55,"column":39}},"line":55},"7":{"name":"handleRSVP","decl":{"start":{"line":58,"column":17},"end":{"line":58,"column":28}},"loc":{"start":{"line":58,"column":35},"end":{"line":61,"column":null}},"line":58},"8":{"name":"handleGuestChange","decl":{"start":{"line":63,"column":17},"end":{"line":63,"column":35}},"loc":{"start":{"line":63,"column":42},"end":{"line":67,"column":null}},"line":63},"9":{"name":"persist","decl":{"start":{"line":69,"column":17},"end":{"line":69,"column":25}},"loc":{"start":{"line":69,"column":57},"end":{"line":79,"column":null}},"line":69},"10":{"name":"(anonymous_10)","decl":{"start":{"line":74,"column":6},"end":{"line":74,"column":23}},"loc":{"start":{"line":74,"column":23},"end":{"line":74,"column":42}},"line":74},"11":{"name":"(anonymous_11)","decl":{"start":{"line":134,"column":30},"end":{"line":134,"column":35}},"loc":{"start":{"line":135,"column":18},"end":{"line":142,"column":null}},"line":135},"12":{"name":"(anonymous_12)","decl":{"start":{"line":138,"column":20},"end":{"line":138,"column":35}},"loc":{"start":{"line":138,"column":35},"end":{"line":138,"column":null}},"line":138},"13":{"name":"(anonymous_13)","decl":{"start":{"line":156,"column":22},"end":{"line":156,"column":37}},"loc":{"start":{"line":156,"column":37},"end":{"line":156,"column":null}},"line":156},"14":{"name":"(anonymous_14)","decl":{"start":{"line":162,"column":22},"end":{"line":162,"column":37}},"loc":{"start":{"line":162,"column":37},"end":{"line":162,"column":null}},"line":162},"15":{"name":"(anonymous_15)","decl":{"start":{"line":184,"column":28},"end":{"line":184,"column":33}},"loc":{"start":{"line":185,"column":18},"end":{"line":195,"column":null}},"line":185},"16":{"name":"RSVPPill","decl":{"start":{"line":207,"column":9},"end":{"line":207,"column":18}},"loc":{"start":{"line":207,"column":30},"end":{"line":216,"column":null}},"line":207},"17":{"name":"DetailRow","decl":{"start":{"line":218,"column":9},"end":{"line":218,"column":19}},"loc":{"start":{"line":218,"column":35},"end":{"line":225,"column":null}},"line":218}},"branchMap":{"0":{"loc":{"start":{"line":8,"column":2},"end":{"line":8,"column":null}},"type":"if","locations":[{"start":{"line":8,"column":2},"end":{"line":8,"column":null}},{"start":{},"end":{}}],"line":8},"1":{"loc":{"start":{"line":18,"column":2},"end":{"line":18,"column":null}},"type":"if","locations":[{"start":{"line":18,"column":2},"end":{"line":18,"column":null}},{"start":{},"end":{}}],"line":18},"2":{"loc":{"start":{"line":22,"column":2},"end":{"line":22,"column":null}},"type":"if","locations":[{"start":{"line":22,"column":2},"end":{"line":22,"column":null}},{"start":{},"end":{}}],"line":22},"3":{"loc":{"start":{"line":24,"column":2},"end":{"line":24,"column":null}},"type":"if","locations":[{"start":{"line":24,"column":2},"end":{"line":24,"column":null}},{"start":{},"end":{}}],"line":24},"4":{"loc":{"start":{"line":53,"column":22},"end":{"line":53,"column":44}},"type":"binary-expr","locations":[{"start":{"line":53,"column":22},"end":{"line":53,"column":42}},{"start":{"line":53,"column":42},"end":{"line":53,"column":44}}],"line":53},"5":{"loc":{"start":{"line":81,"column":2},"end":{"line":90,"column":null}},"type":"if","locations":[{"start":{"line":81,"column":2},"end":{"line":90,"column":null}},{"start":{},"end":{}}],"line":81},"6":{"loc":{"start":{"line":92,"column":2},"end":{"line":98,"column":null}},"type":"if","locations":[{"start":{"line":92,"column":2},"end":{"line":98,"column":null}},{"start":{},"end":{}}],"line":92},"7":{"loc":{"start":{"line":117,"column":11},"end":{"line":118,"column":null}},"type":"binary-expr","locations":[{"start":{"line":117,"column":11},"end":{"line":117,"column":null}},{"start":{"line":118,"column":12},"end":{"line":118,"column":null}}],"line":117},"8":{"loc":{"start":{"line":124,"column":9},"end":{"line":175,"column":null}},"type":"cond-expr","locations":[{"start":{"line":125,"column":10},"end":{"line":129,"column":null}},{"start":{"line":129,"column":10},"end":{"line":175,"column":null}}],"line":124},"9":{"loc":{"start":{"line":137,"column":75},"end":{"line":137,"column":null}},"type":"cond-expr","locations":[{"start":{"line":137,"column":96},"end":{"line":137,"column":109}},{"start":{"line":137,"column":109},"end":{"line":137,"column":null}}],"line":137},"10":{"loc":{"start":{"line":148,"column":13},"end":{"line":166,"column":null}},"type":"binary-expr","locations":[{"start":{"line":148,"column":13},"end":{"line":148,"column":41}},{"start":{"line":148,"column":41},"end":{"line":148,"column":null}},{"start":{"line":149,"column":14},"end":{"line":166,"column":null}}],"line":148},"11":{"loc":{"start":{"line":171,"column":15},"end":{"line":171,"column":null}},"type":"binary-expr","locations":[{"start":{"line":171,"column":15},"end":{"line":171,"column":38}},{"start":{"line":171,"column":38},"end":{"line":171,"column":null}}],"line":171},"12":{"loc":{"start":{"line":172,"column":15},"end":{"line":172,"column":null}},"type":"binary-expr","locations":[{"start":{"line":172,"column":15},"end":{"line":172,"column":38}},{"start":{"line":172,"column":38},"end":{"line":172,"column":null}}],"line":172},"13":{"loc":{"start":{"line":173,"column":15},"end":{"line":173,"column":null}},"type":"binary-expr","locations":[{"start":{"line":173,"column":15},"end":{"line":173,"column":38}},{"start":{"line":173,"column":38},"end":{"line":173,"column":null}}],"line":173},"14":{"loc":{"start":{"line":178,"column":9},"end":{"line":199,"column":null}},"type":"binary-expr","locations":[{"start":{"line":178,"column":9},"end":{"line":178,"column":null}},{"start":{"line":179,"column":10},"end":{"line":199,"column":null}}],"line":178},"15":{"loc":{"start":{"line":187,"column":37},"end":{"line":187,"column":null}},"type":"cond-expr","locations":[{"start":{"line":187,"column":54},"end":{"line":187,"column":78}},{"start":{"line":187,"column":78},"end":{"line":187,"column":null}}],"line":187},"16":{"loc":{"start":{"line":191,"column":23},"end":{"line":194,"column":null}},"type":"binary-expr","locations":[{"start":{"line":191,"column":23},"end":{"line":191,"column":null}},{"start":{"line":192,"column":24},"end":{"line":194,"column":null}}],"line":191},"17":{"loc":{"start":{"line":214,"column":25},"end":{"line":214,"column":null}},"type":"binary-expr","locations":[{"start":{"line":214,"column":25},"end":{"line":214,"column":40}},{"start":{"line":214,"column":40},"end":{"line":214,"column":null}}],"line":214}},"s":{"0":1,"1":14,"2":14,"3":1,"4":13,"5":4,"6":4,"7":1,"8":19,"9":0,"10":19,"11":19,"12":0,"13":19,"14":1,"15":35,"16":35,"17":35,"18":35,"19":35,"20":35,"21":35,"22":35,"23":14,"24":13,"25":13,"26":13,"27":13,"28":1,"29":3,"30":3,"31":1,"32":1,"33":1,"34":4,"35":4,"36":4,"37":3,"38":3,"39":0,"40":1,"41":1,"42":35,"43":2,"44":33,"45":14,"46":19,"47":19,"48":19,"49":54,"50":3,"51":0,"52":1,"53":2,"54":2,"55":2,"56":2,"57":57},"f":{"0":14,"1":4,"2":19,"3":35,"4":14,"5":13,"6":1,"7":3,"8":1,"9":4,"10":0,"11":54,"12":3,"13":0,"14":1,"15":2,"16":2,"17":57},"b":{"0":[1,13],"1":[1,3],"2":[0,19],"3":[0,19],"4":[13,0],"5":[2,33],"6":[14,19],"7":[19,19],"8":[1,18],"9":[5,49],"10":[18,17,15],"11":[18,4],"12":[18,3],"13":[18,0],"14":[35,1],"15":[1,1],"16":[2,1],"17":[2,0]},"meta":{"lastBranch":18,"lastFunction":18,"lastStatement":58,"seen":{"s:4:13:4:Infinity":0,"f:6:15:6:27":0,"s:7:14:7:Infinity":1,"b:8:2:8:Infinity:undefined:undefined:undefined:undefined":0,"s:8:2:8:Infinity":2,"s:8:15:8:Infinity":3,"s:9:2:9:Infinity":4,"f:12:15:12:24":1,"s:13:14:17:Infinity":5,"b:18:2:18:Infinity:undefined:undefined:undefined:undefined":1,"s:18:2:18:Infinity":6,"s:18:15:18:Infinity":7,"f:21:9:21:25":2,"b:22:2:22:Infinity:undefined:undefined:undefined:undefined":2,"s:22:2:22:Infinity":8,"s:22:18:22:Infinity":9,"s:23:12:23:Infinity":10,"b:24:2:24:Infinity:undefined:undefined:undefined:undefined":3,"s:24:2:24:Infinity":11,"s:24:16:24:Infinity":12,"s:25:2:28:Infinity":13,"s:31:21:35:Infinity":14,"f:37:24:37:37":3,"s:38:10:38:Infinity":15,"s:39:17:39:Infinity":16,"s:40:15:40:Infinity":17,"s:41:17:41:Infinity":18,"s:42:17:42:Infinity":19,"s:43:16:43:Infinity":20,"s:45:21:45:Infinity":21,"s:47:2:56:Infinity":22,"f:47:2:47:18":4,"s:48:4:55:Infinity":23,"f:49:7:49:13":5,"s:50:8:50:Infinity":24,"s:51:8:51:Infinity":25,"s:52:8:52:Infinity":26,"s:53:8:53:Infinity":27,"b:53:22:53:42:53:42:53:44":4,"f:55:7:55:14":6,"s:55:20:55:39":28,"f:58:17:58:28":7,"s:59:4:59:Infinity":29,"s:60:4:60:Infinity":30,"f:63:17:63:35":8,"s:64:17:64:Infinity":31,"s:65:4:65:Infinity":32,"s:66:4:66:Infinity":33,"f:69:17:69:25":9,"s:70:4:70:Infinity":34,"s:71:4:78:Infinity":35,"s:72:6:72:Infinity":36,"s:73:6:73:Infinity":37,"s:74:6:74:Infinity":38,"f:74:6:74:23":10,"s:74:23:74:42":39,"s:76:6:76:Infinity":40,"s:77:6:77:Infinity":41,"b:81:2:90:Infinity:undefined:undefined:undefined:undefined":5,"s:81:2:90:Infinity":42,"s:82:4:88:Infinity":43,"b:92:2:98:Infinity:undefined:undefined:undefined:undefined":6,"s:92:2:98:Infinity":44,"s:93:4:96:Infinity":45,"s:100:17:100:Infinity":46,"s:101:19:101:Infinity":47,"s:103:2:203:Infinity":48,"b:117:11:117:Infinity:118:12:118:Infinity":7,"b:125:10:129:Infinity:129:10:175:Infinity":8,"f:134:30:134:35":11,"s:135:18:142:Infinity":49,"b:137:96:137:109:137:109:137:Infinity":9,"f:138:20:138:35":12,"s:138:35:138:Infinity":50,"b:148:13:148:41:148:41:148:Infinity:149:14:166:Infinity":10,"f:156:22:156:37":13,"s:156:37:156:Infinity":51,"f:162:22:162:37":14,"s:162:37:162:Infinity":52,"b:171:15:171:38:171:38:171:Infinity":11,"b:172:15:172:38:172:38:172:Infinity":12,"b:173:15:173:38:173:38:173:Infinity":13,"b:178:9:178:Infinity:179:10:199:Infinity":14,"f:184:28:184:33":15,"s:185:18:195:Infinity":53,"b:187:54:187:78:187:78:187:Infinity":15,"b:191:23:191:Infinity:192:24:194:Infinity":16,"f:207:9:207:18":16,"s:208:14:213:Infinity":54,"s:214:25:214:Infinity":55,"b:214:25:214:40:214:40:214:Infinity":17,"s:215:2:215:Infinity":56,"f:218:9:218:19":17,"s:219:2:223:Infinity":57},"fnNames":{}}}
,"/Users/kevinpanahi/Documents/Workspace/party-time/invitee_ui/src/pages/NotFound.jsx": {"path":"/Users/kevinpanahi/Documents/Workspace/party-time/invitee_ui/src/pages/NotFound.jsx","statementMap":{"0":{"start":{"line":2,"column":2},"end":{"line":8,"column":null}}},"fnMap":{"0":{"name":"NotFound","decl":{"start":{"line":1,"column":24},"end":{"line":1,"column":35}},"loc":{"start":{"line":1,"column":35},"end":{"line":10,"column":null}},"line":1}},"branchMap":{},"s":{"0":0},"f":{"0":0},"b":{},"meta":{"lastBranch":0,"lastFunction":1,"lastStatement":1,"seen":{"f:1:24:1:35":0,"s:2:2:8:Infinity":0},"fnNames":{}}}
,"/Users/kevinpanahi/Documents/Workspace/party-time/invitee_ui/src/test/msw/handlers.js": {"path":"/Users/kevinpanahi/Documents/Workspace/party-time/invitee_ui/src/test/msw/handlers.js","statementMap":{"0":{"start":{"line":3,"column":25},"end":{"line":3,"column":null}},"1":{"start":{"line":4,"column":20},"end":{"line":4,"column":null}},"2":{"start":{"line":6,"column":29},"end":{"line":17,"column":null}},"3":{"start":{"line":19,"column":24},"end":{"line":30,"column":null}},"4":{"start":{"line":21,"column":4},"end":{"line":23,"column":null}},"5":{"start":{"line":22,"column":6},"end":{"line":22,"column":null}},"6":{"start":{"line":24,"column":4},"end":{"line":24,"column":null}},"7":{"start":{"line":28,"column":4},"end":{"line":28,"column":null}}},"fnMap":{"0":{"name":"(anonymous_0)","decl":{"start":{"line":20,"column":19},"end":{"line":20,"column":34}},"loc":{"start":{"line":20,"column":49},"end":{"line":25,"column":3}},"line":20},"1":{"name":"(anonymous_1)","decl":{"start":{"line":27,"column":19},"end":{"line":27,"column":39}},"loc":{"start":{"line":27,"column":39},"end":{"line":29,"column":3}},"line":27}},"branchMap":{"0":{"loc":{"start":{"line":21,"column":4},"end":{"line":23,"column":null}},"type":"if","locations":[{"start":{"line":21,"column":4},"end":{"line":23,"column":null}},{"start":{},"end":{}}],"line":21}},"s":{"0":1,"1":1,"2":1,"3":1,"4":11,"5":10,"6":1,"7":3},"f":{"0":11,"1":3},"b":{"0":[10,1]},"meta":{"lastBranch":1,"lastFunction":2,"lastStatement":8,"seen":{"s:3:25:3:Infinity":0,"s:4:20:4:Infinity":1,"s:6:29:17:Infinity":2,"s:19:24:30:Infinity":3,"f:20:19:20:34":0,"b:21:4:23:Infinity:undefined:undefined:undefined:undefined":0,"s:21:4:23:Infinity":4,"s:22:6:22:Infinity":5,"s:24:4:24:Infinity":6,"f:27:19:27:39":1,"s:28:4:28:Infinity":7},"fnNames":{}}}
,"/Users/kevinpanahi/Documents/Workspace/party-time/invitee_ui/src/test/msw/server.js": {"path":"/Users/kevinpanahi/Documents/Workspace/party-time/invitee_ui/src/test/msw/server.js","statementMap":{"0":{"start":{"line":4,"column":13},"end":{"line":4,"column":null}}},"fnMap":{},"branchMap":{},"s":{"0":1},"f":{},"b":{},"meta":{"lastBranch":0,"lastFunction":0,"lastStatement":1,"seen":{"s:4:13:4:Infinity":0},"fnNames":{}}}
}
