<?xml version="1.0" encoding="UTF-8"?>
<coverage generated="1781237459109" clover="3.2.0">
  <project timestamp="1781237459110" name="All files">
    <metrics statements="259" coveredstatements="238" conditionals="143" coveredconditionals="128" methods="131" coveredmethods="108" elements="533" coveredelements="474" complexity="0" loc="259" ncloc="259" packages="4" files="14" classes="14"/>
    <package name="src">
      <metrics statements="31" coveredstatements="26" conditionals="18" coveredconditionals="13" methods="20" coveredmethods="15"/>
      <file name="App.css" path="/Users/kevinpanahi/Documents/Workspace/party-time/admin_ui/src/App.css">
        <metrics statements="0" coveredstatements="0" conditionals="0" coveredconditionals="0" methods="0" coveredmethods="0"/>
      </file>
      <file name="App.jsx" path="/Users/kevinpanahi/Documents/Workspace/party-time/admin_ui/src/App.jsx">
        <metrics statements="4" coveredstatements="0" conditionals="4" coveredconditionals="0" methods="4" coveredmethods="0"/>
        <line num="8" count="0" type="stmt"/>
        <line num="12" count="0" type="cond" truecount="0" falsecount="2"/>
        <line num="15" count="0" type="cond" truecount="0" falsecount="2"/>
        <line num="24" count="0" type="stmt"/>
      </file>
      <file name="api.js" path="/Users/kevinpanahi/Documents/Workspace/party-time/admin_ui/src/api.js">
        <metrics statements="17" coveredstatements="17" conditionals="6" coveredconditionals="5" methods="13" coveredmethods="12"/>
        <line num="1" count="3" type="stmt"/>
        <line num="4" count="95" type="stmt"/>
        <line num="9" count="95" type="cond" truecount="2" falsecount="0"/>
        <line num="10" count="9" type="stmt"/>
        <line num="11" count="9" type="cond" truecount="1" falsecount="1"/>
        <line num="13" count="86" type="stmt"/>
        <line num="16" count="17" type="stmt"/>
        <line num="17" count="3" type="stmt"/>
        <line num="18" count="3" type="stmt"/>
        <line num="19" count="7" type="stmt"/>
        <line num="20" count="42" type="stmt"/>
        <line num="21" count="3" type="stmt"/>
        <line num="22" count="6" type="stmt"/>
        <line num="23" count="4" type="stmt"/>
        <line num="24" count="3" type="stmt"/>
        <line num="25" count="3" type="stmt"/>
        <line num="26" count="9" type="stmt"/>
      </file>
      <file name="dateUtils.js" path="/Users/kevinpanahi/Documents/Workspace/party-time/admin_ui/src/dateUtils.js">
        <metrics statements="9" coveredstatements="9" conditionals="8" coveredconditionals="8" methods="3" coveredmethods="3"/>
        <line num="3" count="46" type="cond" truecount="2" falsecount="0"/>
        <line num="4" count="44" type="stmt"/>
        <line num="5" count="44" type="cond" truecount="2" falsecount="0"/>
        <line num="6" count="172" type="stmt"/>
        <line num="7" count="43" type="stmt"/>
        <line num="12" count="78" type="cond" truecount="2" falsecount="0"/>
        <line num="13" count="76" type="stmt"/>
        <line num="14" count="76" type="cond" truecount="2" falsecount="0"/>
        <line num="15" count="75" type="stmt"/>
      </file>
      <file name="index.css" path="/Users/kevinpanahi/Documents/Workspace/party-time/admin_ui/src/index.css">
        <metrics statements="0" coveredstatements="0" conditionals="0" coveredconditionals="0" methods="0" coveredmethods="0"/>
      </file>
      <file name="main.jsx" path="/Users/kevinpanahi/Documents/Workspace/party-time/admin_ui/src/main.jsx">
        <metrics statements="1" coveredstatements="0" conditionals="0" coveredconditionals="0" methods="0" coveredmethods="0"/>
        <line num="6" count="0" type="stmt"/>
      </file>
    </package>
    <package name="src.assets">
      <metrics statements="0" coveredstatements="0" conditionals="0" coveredconditionals="0" methods="0" coveredmethods="0"/>
      <file name="hero.png" path="/Users/kevinpanahi/Documents/Workspace/party-time/admin_ui/src/assets/hero.png">
        <metrics statements="0" coveredstatements="0" conditionals="0" coveredconditionals="0" methods="0" coveredmethods="0"/>
      </file>
      <file name="react.svg" path="/Users/kevinpanahi/Documents/Workspace/party-time/admin_ui/src/assets/react.svg">
        <metrics statements="0" coveredstatements="0" conditionals="0" coveredconditionals="0" methods="0" coveredmethods="0"/>
      </file>
      <file name="vite.svg" path="/Users/kevinpanahi/Documents/Workspace/party-time/admin_ui/src/assets/vite.svg">
        <metrics statements="0" coveredstatements="0" conditionals="0" coveredconditionals="0" methods="0" coveredmethods="0"/>
      </file>
    </package>
    <package name="src.pages">
      <metrics statements="207" coveredstatements="192" conditionals="123" coveredconditionals="114" methods="100" coveredmethods="82"/>
      <file name="Contacts.jsx" path="/Users/kevinpanahi/Documents/Workspace/party-time/admin_ui/src/pages/Contacts.jsx">
        <metrics statements="34" coveredstatements="31" conditionals="21" coveredconditionals="19" methods="17" coveredmethods="13"/>
        <line num="5" count="21" type="stmt"/>
        <line num="6" count="21" type="stmt"/>
        <line num="7" count="21" type="stmt"/>
        <line num="8" count="21" type="stmt"/>
        <line num="10" count="21" type="stmt"/>
        <line num="11" count="7" type="stmt"/>
        <line num="15" count="9" type="stmt"/>
        <line num="18" count="21" type="stmt"/>
        <line num="22" count="3" type="stmt"/>
        <line num="31" count="2" type="stmt"/>
        <line num="32" count="1" type="stmt"/>
        <line num="33" count="1" type="stmt"/>
        <line num="35" count="0" type="stmt"/>
        <line num="44" count="1" type="stmt"/>
        <line num="45" count="1" type="stmt"/>
        <line num="46" count="1" type="stmt"/>
        <line num="48" count="0" type="stmt"/>
        <line num="67" count="26" type="stmt"/>
        <line num="72" count="2" type="stmt"/>
        <line num="85" count="50" type="stmt"/>
        <line num="90" count="50" type="stmt"/>
        <line num="91" count="50" type="stmt"/>
        <line num="94" count="3" type="stmt"/>
        <line num="95" count="3" type="stmt"/>
        <line num="96" count="3" type="stmt"/>
        <line num="97" count="3" type="stmt"/>
        <line num="98" count="3" type="stmt"/>
        <line num="100" count="1" type="stmt"/>
        <line num="101" count="1" type="stmt"/>
        <line num="105" count="50" type="stmt"/>
        <line num="107" count="8" type="stmt"/>
        <line num="113" count="17" type="stmt"/>
        <line num="117" count="0" type="stmt"/>
        <line num="121" count="24" type="stmt"/>
      </file>
      <file name="EventDetails.jsx" path="/Users/kevinpanahi/Documents/Workspace/party-time/admin_ui/src/pages/EventDetails.jsx">
        <metrics statements="141" coveredstatements="135" conditionals="92" coveredconditionals="85" methods="63" coveredmethods="54"/>
        <line num="7" count="184" type="stmt"/>
        <line num="8" count="184" type="stmt"/>
        <line num="9" count="184" type="stmt"/>
        <line num="10" count="184" type="stmt"/>
        <line num="11" count="184" type="stmt"/>
        <line num="12" count="184" type="stmt"/>
        <line num="13" count="184" type="stmt"/>
        <line num="14" count="184" type="stmt"/>
        <line num="15" count="184" type="stmt"/>
        <line num="16" count="184" type="stmt"/>
        <line num="17" count="184" type="stmt"/>
        <line num="18" count="184" type="stmt"/>
        <line num="19" count="184" type="stmt"/>
        <line num="20" count="184" type="stmt"/>
        <line num="21" count="184" type="stmt"/>
        <line num="22" count="184" type="stmt"/>
        <line num="24" count="184" type="stmt"/>
        <line num="25" count="40" type="stmt"/>
        <line num="26" count="39" type="stmt"/>
        <line num="30" count="1" type="stmt"/>
        <line num="33" count="184" type="stmt"/>
        <line num="34" count="51" type="cond" truecount="2" falsecount="0"/>
        <line num="35" count="8" type="stmt"/>
        <line num="36" count="8" type="stmt"/>
        <line num="38" count="1" type="stmt"/>
        <line num="43" count="6" type="stmt"/>
        <line num="44" count="6" type="stmt"/>
        <line num="45" count="6" type="stmt"/>
        <line num="46" count="6" type="stmt"/>
        <line num="53" count="5" type="stmt"/>
        <line num="54" count="5" type="stmt"/>
        <line num="56" count="1" type="stmt"/>
        <line num="62" count="6" type="stmt"/>
        <line num="63" count="6" type="stmt"/>
        <line num="64" count="6" type="stmt"/>
        <line num="65" count="6" type="stmt"/>
        <line num="70" count="2" type="stmt"/>
        <line num="71" count="2" type="stmt"/>
        <line num="75" count="2" type="stmt"/>
        <line num="79" count="3" type="stmt"/>
        <line num="80" count="3" type="stmt"/>
        <line num="81" count="3" type="stmt"/>
        <line num="82" count="2" type="stmt"/>
        <line num="83" count="2" type="stmt"/>
        <line num="85" count="2" type="cond" truecount="2" falsecount="0"/>
        <line num="86" count="1" type="stmt"/>
        <line num="89" count="1" type="stmt"/>
        <line num="91" count="3" type="stmt"/>
        <line num="96" count="2" type="stmt"/>
        <line num="97" count="2" type="stmt"/>
        <line num="98" count="2" type="stmt"/>
        <line num="99" count="2" type="stmt"/>
        <line num="100" count="2" type="stmt"/>
        <line num="105" count="3" type="stmt"/>
        <line num="106" count="3" type="cond" truecount="1" falsecount="1"/>
        <line num="107" count="3" type="stmt"/>
        <line num="108" count="3" type="stmt"/>
        <line num="109" count="3" type="stmt"/>
        <line num="110" count="2" type="stmt"/>
        <line num="112" count="2" type="cond" truecount="1" falsecount="1"/>
        <line num="113" count="0" type="stmt"/>
        <line num="116" count="1" type="stmt"/>
        <line num="118" count="3" type="stmt"/>
        <line num="122" count="184" type="cond" truecount="2" falsecount="0"/>
        <line num="123" count="180" type="cond" truecount="2" falsecount="0"/>
        <line num="125" count="140" type="stmt"/>
        <line num="127" count="140" type="stmt"/>
        <line num="130" count="1" type="stmt"/>
        <line num="137" count="6" type="stmt"/>
        <line num="149" count="1" type="stmt"/>
        <line num="165" count="1" type="stmt"/>
        <line num="169" count="1" type="stmt"/>
        <line num="172" count="2" type="stmt"/>
        <line num="175" count="1" type="stmt"/>
        <line num="179" count="1" type="stmt"/>
        <line num="189" count="2" type="stmt"/>
        <line num="195" count="8" type="stmt"/>
        <line num="206" count="8" type="stmt"/>
        <line num="212" count="8" type="stmt"/>
        <line num="214" count="0" type="stmt"/>
        <line num="234" count="111" type="stmt"/>
        <line num="258" count="35" type="stmt"/>
        <line num="278" count="21" type="stmt"/>
        <line num="281" count="2" type="stmt"/>
        <line num="282" count="2" type="stmt"/>
        <line num="283" count="2" type="cond" truecount="2" falsecount="0"/>
        <line num="284" count="2" type="stmt"/>
        <line num="288" count="21" type="cond" truecount="2" falsecount="0"/>
        <line num="289" count="20" type="cond" truecount="2" falsecount="0"/>
        <line num="291" count="13" type="cond" truecount="2" falsecount="0"/>
        <line num="292" count="1" type="stmt"/>
        <line num="299" count="12" type="stmt"/>
        <line num="313" count="12" type="stmt"/>
        <line num="322" count="2" type="stmt"/>
        <line num="345" count="12" type="cond" truecount="1" falsecount="1"/>
        <line num="350" count="12" type="stmt"/>
        <line num="354" count="9" type="stmt"/>
        <line num="356" count="4" type="stmt"/>
        <line num="382" count="75" type="stmt"/>
        <line num="383" count="75" type="stmt"/>
        <line num="384" count="75" type="stmt"/>
        <line num="385" count="75" type="stmt"/>
        <line num="386" count="75" type="stmt"/>
        <line num="387" count="75" type="stmt"/>
        <line num="389" count="75" type="stmt"/>
        <line num="390" count="8" type="stmt"/>
        <line num="393" count="75" type="stmt"/>
        <line num="394" count="134" type="cond" truecount="2" falsecount="0"/>
        <line num="395" count="67" type="stmt"/>
        <line num="396" count="67" type="stmt"/>
        <line num="404" count="2" type="stmt"/>
        <line num="405" count="2" type="stmt"/>
        <line num="406" count="2" type="stmt"/>
        <line num="407" count="1" type="stmt"/>
        <line num="409" count="1" type="stmt"/>
        <line num="411" count="2" type="stmt"/>
        <line num="416" count="2" type="stmt"/>
        <line num="417" count="2" type="stmt"/>
        <line num="418" count="2" type="stmt"/>
        <line num="419" count="2" type="stmt"/>
        <line num="420" count="1" type="stmt"/>
        <line num="422" count="1" type="stmt"/>
        <line num="424" count="2" type="stmt"/>
        <line num="428" count="75" type="stmt"/>
        <line num="430" count="15" type="stmt"/>
        <line num="434" count="0" type="cond" truecount="2" falsecount="0"/>
        <line num="437" count="2" type="cond" truecount="2" falsecount="0"/>
        <line num="451" count="11" type="stmt"/>
        <line num="459" count="1" type="stmt"/>
        <line num="463" count="14" type="stmt"/>
        <line num="466" count="2" type="stmt"/>
        <line num="484" count="10" type="stmt"/>
        <line num="488" count="5" type="stmt"/>
        <line num="492" count="24" type="stmt"/>
        <line num="508" count="111" type="stmt"/>
        <line num="511" count="0" type="stmt"/>
        <line num="512" count="0" type="stmt"/>
        <line num="513" count="0" type="stmt"/>
        <line num="517" count="111" type="stmt"/>
        <line num="528" count="111" type="cond" truecount="1" falsecount="1"/>
        <line num="534" count="111" type="stmt"/>
      </file>
      <file name="EventSummary.jsx" path="/Users/kevinpanahi/Documents/Workspace/party-time/admin_ui/src/pages/EventSummary.jsx">
        <metrics statements="32" coveredstatements="26" conditionals="10" coveredconditionals="10" methods="20" coveredmethods="15"/>
        <line num="7" count="124" type="stmt"/>
        <line num="11" count="40" type="stmt"/>
        <line num="12" count="40" type="stmt"/>
        <line num="13" count="40" type="stmt"/>
        <line num="14" count="40" type="stmt"/>
        <line num="15" count="40" type="stmt"/>
        <line num="18" count="40" type="stmt"/>
        <line num="20" count="40" type="stmt"/>
        <line num="21" count="7" type="stmt"/>
        <line num="24" count="40" type="stmt"/>
        <line num="25" count="62" type="stmt"/>
        <line num="28" count="1" type="stmt"/>
        <line num="29" count="1" type="stmt"/>
        <line num="30" count="1" type="stmt"/>
        <line num="31" count="1" type="stmt"/>
        <line num="32" count="1" type="stmt"/>
        <line num="34" count="0" type="stmt"/>
        <line num="36" count="1" type="stmt"/>
        <line num="40" count="40" type="stmt"/>
        <line num="44" count="2" type="stmt"/>
        <line num="52" count="0" type="stmt"/>
        <line num="53" count="4" type="stmt"/>
        <line num="57" count="13" type="stmt"/>
        <line num="61" count="1" type="stmt"/>
        <line num="64" count="0" type="stmt"/>
        <line num="67" count="8" type="stmt"/>
        <line num="71" count="0" type="stmt"/>
        <line num="75" count="0" type="stmt"/>
        <line num="89" count="1" type="stmt"/>
        <line num="96" count="0" type="stmt"/>
        <line num="103" count="62" type="stmt"/>
        <line num="118" count="62" type="stmt"/>
      </file>
    </package>
    <package name="src.test.msw">
      <metrics statements="21" coveredstatements="20" conditionals="2" coveredconditionals="1" methods="11" coveredmethods="11"/>
      <file name="handlers.js" path="/Users/kevinpanahi/Documents/Workspace/party-time/admin_ui/src/test/msw/handlers.js">
        <metrics statements="20" coveredstatements="19" conditionals="2" coveredconditionals="1" methods="11" coveredmethods="11"/>
        <line num="3" count="4" type="stmt"/>
        <line num="5" count="4" type="stmt"/>
        <line num="6" count="4" type="stmt"/>
        <line num="8" count="4" type="stmt"/>
        <line num="33" count="4" type="stmt"/>
        <line num="58" count="4" type="stmt"/>
        <line num="63" count="4" type="stmt"/>
        <line num="75" count="4" type="stmt"/>
        <line num="76" count="5" type="stmt"/>
        <line num="79" count="36" type="cond" truecount="1" falsecount="1"/>
        <line num="80" count="0" type="stmt"/>
        <line num="83" count="1" type="stmt"/>
        <line num="85" count="5" type="stmt"/>
        <line num="87" count="2" type="stmt"/>
        <line num="89" count="7" type="stmt"/>
        <line num="91" count="2" type="stmt"/>
        <line num="93" count="2" type="stmt"/>
        <line num="95" count="16" type="stmt"/>
        <line num="97" count="1" type="stmt"/>
        <line num="99" count="1" type="stmt"/>
      </file>
      <file name="server.js" path="/Users/kevinpanahi/Documents/Workspace/party-time/admin_ui/src/test/msw/server.js">
        <metrics statements="1" coveredstatements="1" conditionals="0" coveredconditionals="0" methods="0" coveredmethods="0"/>
        <line num="4" count="4" type="stmt"/>
      </file>
    </package>
  </project>
</coverage>
