{"/Users/kevinpanahi/Documents/Workspace/party-time/admin_ui/src/App.css": {"path":"/Users/kevinpanahi/Documents/Workspace/party-time/admin_ui/src/App.css","statementMap":{},"fnMap":{},"branchMap":{},"s":{},"f":{},"b":{},"meta":{"lastBranch":0,"lastFunction":0,"lastStatement":0,"seen":{},"fnNames":{}}}
,"/Users/kevinpanahi/Documents/Workspace/party-time/admin_ui/src/App.jsx": {"path":"/Users/kevinpanahi/Documents/Workspace/party-time/admin_ui/src/App.jsx","statementMap":{"0":{"start":{"line":8,"column":2},"end":{"line":19,"column":null}},"1":{"start":{"line":12,"column":57},"end":{"line":12,"column":100}},"2":{"start":{"line":15,"column":61},"end":{"line":15,"column":104}},"3":{"start":{"line":24,"column":2},"end":{"line":32,"column":null}}},"fnMap":{"0":{"name":"Nav","decl":{"start":{"line":7,"column":9},"end":{"line":7,"column":15}},"loc":{"start":{"line":7,"column":15},"end":{"line":21,"column":null}},"line":7},"1":{"name":"(anonymous_1)","decl":{"start":{"line":12,"column":28},"end":{"line":12,"column":40}},"loc":{"start":{"line":12,"column":57},"end":{"line":12,"column":100}},"line":12},"2":{"name":"(anonymous_2)","decl":{"start":{"line":15,"column":32},"end":{"line":15,"column":44}},"loc":{"start":{"line":15,"column":61},"end":{"line":15,"column":104}},"line":15},"3":{"name":"App","decl":{"start":{"line":23,"column":24},"end":{"line":23,"column":30}},"loc":{"start":{"line":23,"column":30},"end":{"line":34,"column":null}},"line":23}},"branchMap":{"0":{"loc":{"start":{"line":12,"column":57},"end":{"line":12,"column":100}},"type":"cond-expr","locations":[{"start":{"line":12,"column":68},"end":{"line":12,"column":88}},{"start":{"line":12,"column":88},"end":{"line":12,"column":100}}],"line":12},"1":{"loc":{"start":{"line":15,"column":61},"end":{"line":15,"column":104}},"type":"cond-expr","locations":[{"start":{"line":15,"column":72},"end":{"line":15,"column":92}},{"start":{"line":15,"column":92},"end":{"line":15,"column":104}}],"line":15}},"s":{"0":0,"1":0,"2":0,"3":0},"f":{"0":0,"1":0,"2":0,"3":0},"b":{"0":[0,0],"1":[0,0]},"meta":{"lastBranch":2,"lastFunction":4,"lastStatement":4,"seen":{"f:7:9:7:15":0,"s:8:2:19:Infinity":0,"f:12:28:12:40":1,"s:12:57:12:100":1,"b:12:68:12:88:12:88:12:100":0,"f:15:32:15:44":2,"s:15:61:15:104":2,"b:15:72:15:92:15:92:15:104":1,"f:23:24:23:30":3,"s:24:2:32:Infinity":3},"fnNames":{}}}
,"/Users/kevinpanahi/Documents/Workspace/party-time/admin_ui/src/api.js": {"path":"/Users/kevinpanahi/Documents/Workspace/party-time/admin_ui/src/api.js","statementMap":{"0":{"start":{"line":1,"column":13},"end":{"line":1,"column":null}},"1":{"start":{"line":4,"column":14},"end":{"line":8,"column":null}},"2":{"start":{"line":9,"column":2},"end":{"line":12,"column":null}},"3":{"start":{"line":10,"column":16},"end":{"line":10,"column":null}},"4":{"start":{"line":10,"column":46},"end":{"line":10,"column":72}},"5":{"start":{"line":11,"column":4},"end":{"line":11,"column":null}},"6":{"start":{"line":13,"column":2},"end":{"line":13,"column":null}},"7":{"start":{"line":16,"column":13},"end":{"line":16,"column":null}},"8":{"start":{"line":16,"column":33},"end":{"line":16,"column":null}},"9":{"start":{"line":17,"column":13},"end":{"line":17,"column":null}},"10":{"start":{"line":17,"column":39},"end":{"line":17,"column":null}},"11":{"start":{"line":18,"column":13},"end":{"line":18,"column":null}},"12":{"start":{"line":18,"column":43},"end":{"line":18,"column":null}},"13":{"start":{"line":19,"column":13},"end":{"line":19,"column":null}},"14":{"start":{"line":19,"column":31},"end":{"line":19,"column":null}},"15":{"start":{"line":20,"column":13},"end":{"line":20,"column":null}},"16":{"start":{"line":20,"column":32},"end":{"line":20,"column":null}},"17":{"start":{"line":21,"column":13},"end":{"line":21,"column":null}},"18":{"start":{"line":21,"column":37},"end":{"line":21,"column":null}},"19":{"start":{"line":22,"column":13},"end":{"line":22,"column":null}},"20":{"start":{"line":22,"column":41},"end":{"line":22,"column":null}},"21":{"start":{"line":23,"column":13},"end":{"line":23,"column":null}},"22":{"start":{"line":23,"column":45},"end":{"line":23,"column":null}},"23":{"start":{"line":24,"column":13},"end":{"line":24,"column":null}},"24":{"start":{"line":24,"column":49},"end":{"line":24,"column":null}},"25":{"start":{"line":25,"column":13},"end":{"line":25,"column":null}},"26":{"start":{"line":25,"column":40},"end":{"line":25,"column":null}},"27":{"start":{"line":26,"column":13},"end":{"line":26,"column":null}},"28":{"start":{"line":26,"column":37},"end":{"line":26,"column":null}}},"fnMap":{"0":{"name":"request","decl":{"start":{"line":3,"column":15},"end":{"line":3,"column":23}},"loc":{"start":{"line":3,"column":43},"end":{"line":14,"column":null}},"line":3},"1":{"name":"(anonymous_1)","decl":{"start":{"line":10,"column":33},"end":{"line":10,"column":46}},"loc":{"start":{"line":10,"column":46},"end":{"line":10,"column":72}},"line":10},"2":{"name":"(anonymous_2)","decl":{"start":{"line":16,"column":13},"end":{"line":16,"column":33}},"loc":{"start":{"line":16,"column":33},"end":{"line":16,"column":null}},"line":16},"3":{"name":"(anonymous_3)","decl":{"start":{"line":17,"column":13},"end":{"line":17,"column":30}},"loc":{"start":{"line":17,"column":39},"end":{"line":17,"column":null}},"line":17},"4":{"name":"(anonymous_4)","decl":{"start":{"line":18,"column":13},"end":{"line":18,"column":30}},"loc":{"start":{"line":18,"column":43},"end":{"line":18,"column":null}},"line":18},"5":{"name":"(anonymous_5)","decl":{"start":{"line":19,"column":13},"end":{"line":19,"column":31}},"loc":{"start":{"line":19,"column":31},"end":{"line":19,"column":null}},"line":19},"6":{"name":"(anonymous_6)","decl":{"start":{"line":20,"column":13},"end":{"line":20,"column":25}},"loc":{"start":{"line":20,"column":32},"end":{"line":20,"column":null}},"line":20},"7":{"name":"(anonymous_7)","decl":{"start":{"line":21,"column":13},"end":{"line":21,"column":28}},"loc":{"start":{"line":21,"column":37},"end":{"line":21,"column":null}},"line":21},"8":{"name":"(anonymous_8)","decl":{"start":{"line":22,"column":13},"end":{"line":22,"column":28}},"loc":{"start":{"line":22,"column":41},"end":{"line":22,"column":null}},"line":22},"9":{"name":"(anonymous_9)","decl":{"start":{"line":23,"column":13},"end":{"line":23,"column":27}},"loc":{"start":{"line":23,"column":45},"end":{"line":23,"column":null}},"line":23},"10":{"name":"(anonymous_10)","decl":{"start":{"line":24,"column":13},"end":{"line":24,"column":28}},"loc":{"start":{"line":24,"column":49},"end":{"line":24,"column":null}},"line":24},"11":{"name":"(anonymous_11)","decl":{"start":{"line":25,"column":13},"end":{"line":25,"column":28}},"loc":{"start":{"line":25,"column":40},"end":{"line":25,"column":null}},"line":25},"12":{"name":"(anonymous_12)","decl":{"start":{"line":26,"column":13},"end":{"line":26,"column":25}},"loc":{"start":{"line":26,"column":37},"end":{"line":26,"column":null}},"line":26}},"branchMap":{"0":{"loc":{"start":{"line":7,"column":10},"end":{"line":7,"column":null}},"type":"cond-expr","locations":[{"start":{"line":7,"column":17},"end":{"line":7,"column":40}},{"start":{"line":7,"column":40},"end":{"line":7,"column":null}}],"line":7},"1":{"loc":{"start":{"line":9,"column":2},"end":{"line":12,"column":null}},"type":"if","locations":[{"start":{"line":9,"column":2},"end":{"line":12,"column":null}},{"start":{},"end":{}}],"line":9},"2":{"loc":{"start":{"line":11,"column":20},"end":{"line":11,"column":47}},"type":"binary-expr","locations":[{"start":{"line":11,"column":20},"end":{"line":11,"column":33}},{"start":{"line":11,"column":33},"end":{"line":11,"column":47}}],"line":11}},"s":{"0":3,"1":70,"2":70,"3":6,"4":0,"5":6,"6":64,"7":3,"8":16,"9":3,"10":2,"11":3,"12":1,"13":3,"14":7,"15":3,"16":29,"17":3,"18":1,"19":3,"20":3,"21":3,"22":3,"23":3,"24":1,"25":3,"26":2,"27":3,"28":5},"f":{"0":70,"1":0,"2":16,"3":2,"4":1,"5":7,"6":29,"7":1,"8":3,"9":3,"10":1,"11":2,"12":5},"b":{"0":[11,59],"1":[6,64],"2":[6,0]},"meta":{"lastBranch":3,"lastFunction":13,"lastStatement":29,"seen":{"s:1:13:1:Infinity":0,"f:3:15:3:23":0,"s:4:14:8:Infinity":1,"b:7:17:7:40:7:40:7:Infinity":0,"b:9:2:12:Infinity:undefined:undefined:undefined:undefined":1,"s:9:2:12:Infinity":2,"s:10:16:10:Infinity":3,"f:10:33:10:46":1,"s:10:46:10:72":4,"s:11:4:11:Infinity":5,"b:11:20:11:33:11:33:11:47":2,"s:13:2:13:Infinity":6,"s:16:13:16:Infinity":7,"f:16:13:16:33":2,"s:16:33:16:Infinity":8,"s:17:13:17:Infinity":9,"f:17:13:17:30":3,"s:17:39:17:Infinity":10,"s:18:13:18:Infinity":11,"f:18:13:18:30":4,"s:18:43:18:Infinity":12,"s:19:13:19:Infinity":13,"f:19:13:19:31":5,"s:19:31:19:Infinity":14,"s:20:13:20:Infinity":15,"f:20:13:20:25":6,"s:20:32:20:Infinity":16,"s:21:13:21:Infinity":17,"f:21:13:21:28":7,"s:21:37:21:Infinity":18,"s:22:13:22:Infinity":19,"f:22:13:22:28":8,"s:22:41:22:Infinity":20,"s:23:13:23:Infinity":21,"f:23:13:23:27":9,"s:23:45:23:Infinity":22,"s:24:13:24:Infinity":23,"f:24:13:24:28":10,"s:24:49:24:Infinity":24,"s:25:13:25:Infinity":25,"f:25:13:25:28":11,"s:25:40:25:Infinity":26,"s:26:13:26:Infinity":27,"f:26:13:26:25":12,"s:26:37:26:Infinity":28},"fnNames":{}}}
,"/Users/kevinpanahi/Documents/Workspace/party-time/admin_ui/src/dateUtils.js": {"path":"/Users/kevinpanahi/Documents/Workspace/party-time/admin_ui/src/dateUtils.js","statementMap":{"0":{"start":{"line":3,"column":2},"end":{"line":3,"column":null}},"1":{"start":{"line":3,"column":18},"end":{"line":3,"column":null}},"2":{"start":{"line":4,"column":12},"end":{"line":4,"column":null}},"3":{"start":{"line":5,"column":2},"end":{"line":5,"column":null}},"4":{"start":{"line":5,"column":16},"end":{"line":5,"column":null}},"5":{"start":{"line":6,"column":8},"end":{"line":6,"column":null}},"6":{"start":{"line":6,"column":21},"end":{"line":6,"column":null}},"7":{"start":{"line":7,"column":2},"end":{"line":7,"column":null}},"8":{"start":{"line":12,"column":2},"end":{"line":12,"column":null}},"9":{"start":{"line":12,"column":18},"end":{"line":12,"column":null}},"10":{"start":{"line":13,"column":12},"end":{"line":13,"column":null}},"11":{"start":{"line":14,"column":2},"end":{"line":14,"column":null}},"12":{"start":{"line":14,"column":16},"end":{"line":14,"column":null}},"13":{"start":{"line":15,"column":2},"end":{"line":18,"column":null}}},"fnMap":{"0":{"name":"toDatetimeLocal","decl":{"start":{"line":2,"column":16},"end":{"line":2,"column":32}},"loc":{"start":{"line":2,"column":43},"end":{"line":8,"column":null}},"line":2},"1":{"name":"(anonymous_1)","decl":{"start":{"line":6,"column":8},"end":{"line":6,"column":15}},"loc":{"start":{"line":6,"column":21},"end":{"line":6,"column":null}},"line":6},"2":{"name":"formatDateShort","decl":{"start":{"line":11,"column":16},"end":{"line":11,"column":32}},"loc":{"start":{"line":11,"column":43},"end":{"line":19,"column":null}},"line":11}},"branchMap":{"0":{"loc":{"start":{"line":3,"column":2},"end":{"line":3,"column":null}},"type":"if","locations":[{"start":{"line":3,"column":2},"end":{"line":3,"column":null}},{"start":{},"end":{}}],"line":3},"1":{"loc":{"start":{"line":5,"column":2},"end":{"line":5,"column":null}},"type":"if","locations":[{"start":{"line":5,"column":2},"end":{"line":5,"column":null}},{"start":{},"end":{}}],"line":5},"2":{"loc":{"start":{"line":12,"column":2},"end":{"line":12,"column":null}},"type":"if","locations":[{"start":{"line":12,"column":2},"end":{"line":12,"column":null}},{"start":{},"end":{}}],"line":12},"3":{"loc":{"start":{"line":14,"column":2},"end":{"line":14,"column":null}},"type":"if","locations":[{"start":{"line":14,"column":2},"end":{"line":14,"column":null}},{"start":{},"end":{}}],"line":14}},"s":{"0":33,"1":2,"2":31,"3":31,"4":1,"5":30,"6":120,"7":30,"8":74,"9":2,"10":72,"11":72,"12":1,"13":71},"f":{"0":33,"1":120,"2":74},"b":{"0":[2,31],"1":[1,30],"2":[2,72],"3":[1,71]},"meta":{"lastBranch":4,"lastFunction":3,"lastStatement":14,"seen":{"f:2:16:2:32":0,"b:3:2:3:Infinity:undefined:undefined:undefined:undefined":0,"s:3:2:3:Infinity":0,"s:3:18:3:Infinity":1,"s:4:12:4:Infinity":2,"b:5:2:5:Infinity:undefined:undefined:undefined:undefined":1,"s:5:2:5:Infinity":3,"s:5:16:5:Infinity":4,"s:6:8:6:Infinity":5,"f:6:8:6:15":1,"s:6:21:6:Infinity":6,"s:7:2:7:Infinity":7,"f:11:16:11:32":2,"b:12:2:12:Infinity:undefined:undefined:undefined:undefined":2,"s:12:2:12:Infinity":8,"s:12:18:12:Infinity":9,"s:13:12:13:Infinity":10,"b:14:2:14:Infinity:undefined:undefined:undefined:undefined":3,"s:14:2:14:Infinity":11,"s:14:16:14:Infinity":12,"s:15:2:18:Infinity":13},"fnNames":{}}}
,"/Users/kevinpanahi/Documents/Workspace/party-time/admin_ui/src/index.css": {"path":"/Users/kevinpanahi/Documents/Workspace/party-time/admin_ui/src/index.css","statementMap":{},"fnMap":{},"branchMap":{},"s":{},"f":{},"b":{},"meta":{"lastBranch":0,"lastFunction":0,"lastStatement":0,"seen":{},"fnNames":{}}}
,"/Users/kevinpanahi/Documents/Workspace/party-time/admin_ui/src/main.jsx": {"path":"/Users/kevinpanahi/Documents/Workspace/party-time/admin_ui/src/main.jsx","statementMap":{"0":{"start":{"line":6,"column":0},"end":{"line":10,"column":null}}},"fnMap":{},"branchMap":{},"s":{"0":0},"f":{},"b":{},"meta":{"lastBranch":0,"lastFunction":0,"lastStatement":1,"seen":{"s:6:0:10:Infinity":0},"fnNames":{}}}
,"/Users/kevinpanahi/Documents/Workspace/party-time/admin_ui/src/assets/hero.png": {"path":"/Users/kevinpanahi/Documents/Workspace/party-time/admin_ui/src/assets/hero.png","statementMap":{},"fnMap":{},"branchMap":{},"s":{},"f":{},"b":{},"meta":{"lastBranch":0,"lastFunction":0,"lastStatement":0,"seen":{},"fnNames":{}}}
,"/Users/kevinpanahi/Documents/Workspace/party-time/admin_ui/src/assets/react.svg": {"path":"/Users/kevinpanahi/Documents/Workspace/party-time/admin_ui/src/assets/react.svg","statementMap":{},"fnMap":{},"branchMap":{},"s":{},"f":{},"b":{},"meta":{"lastBranch":0,"lastFunction":0,"lastStatement":0,"seen":{},"fnNames":{}}}
,"/Users/kevinpanahi/Documents/Workspace/party-time/admin_ui/src/assets/vite.svg": {"path":"/Users/kevinpanahi/Documents/Workspace/party-time/admin_ui/src/assets/vite.svg","statementMap":{},"fnMap":{},"branchMap":{},"s":{},"f":{},"b":{},"meta":{"lastBranch":0,"lastFunction":0,"lastStatement":0,"seen":{},"fnNames":{}}}
,"/Users/kevinpanahi/Documents/Workspace/party-time/admin_ui/src/pages/Contacts.jsx": {"path":"/Users/kevinpanahi/Documents/Workspace/party-time/admin_ui/src/pages/Contacts.jsx","statementMap":{"0":{"start":{"line":5,"column":19},"end":{"line":5,"column":null}},"1":{"start":{"line":6,"column":16},"end":{"line":6,"column":null}},"2":{"start":{"line":7,"column":18},"end":{"line":7,"column":null}},"3":{"start":{"line":8,"column":18},"end":{"line":8,"column":null}},"4":{"start":{"line":10,"column":2},"end":{"line":12,"column":null}},"5":{"start":{"line":11,"column":4},"end":{"line":11,"column":null}},"6":{"start":{"line":15,"column":4},"end":{"line":15,"column":null}},"7":{"start":{"line":15,"column":49},"end":{"line":15,"column":68}},"8":{"start":{"line":18,"column":2},"end":{"line":80,"column":null}},"9":{"start":{"line":22,"column":55},"end":{"line":22,"column":73}},"10":{"start":{"line":31,"column":12},"end":{"line":31,"column":null}},"11":{"start":{"line":32,"column":12},"end":{"line":32,"column":null}},"12":{"start":{"line":33,"column":12},"end":{"line":33,"column":null}},"13":{"start":{"line":35,"column":25},"end":{"line":35,"column":null}},"14":{"start":{"line":44,"column":12},"end":{"line":44,"column":null}},"15":{"start":{"line":45,"column":12},"end":{"line":45,"column":null}},"16":{"start":{"line":46,"column":12},"end":{"line":46,"column":null}},"17":{"start":{"line":48,"column":25},"end":{"line":48,"column":null}},"18":{"start":{"line":67,"column":18},"end":{"line":74,"column":null}},"19":{"start":{"line":72,"column":74},"end":{"line":72,"column":89}},"20":{"start":{"line":85,"column":15},"end":{"line":89,"column":null}},"21":{"start":{"line":90,"column":17},"end":{"line":90,"column":null}},"22":{"start":{"line":91,"column":16},"end":{"line":91,"column":null}},"23":{"start":{"line":94,"column":4},"end":{"line":94,"column":null}},"24":{"start":{"line":95,"column":4},"end":{"line":95,"column":null}},"25":{"start":{"line":96,"column":4},"end":{"line":96,"column":null}},"26":{"start":{"line":97,"column":4},"end":{"line":102,"column":null}},"27":{"start":{"line":98,"column":6},"end":{"line":98,"column":null}},"28":{"start":{"line":100,"column":6},"end":{"line":100,"column":null}},"29":{"start":{"line":101,"column":6},"end":{"line":101,"column":null}},"30":{"start":{"line":105,"column":2},"end":{"line":131,"column":null}},"31":{"start":{"line":107,"column":45},"end":{"line":107,"column":null}},"32":{"start":{"line":113,"column":31},"end":{"line":113,"column":82}},"33":{"start":{"line":117,"column":31},"end":{"line":117,"column":81}},"34":{"start":{"line":121,"column":31},"end":{"line":121,"column":84}}},"fnMap":{"0":{"name":"Contacts","decl":{"start":{"line":4,"column":24},"end":{"line":4,"column":35}},"loc":{"start":{"line":4,"column":35},"end":{"line":82,"column":null}},"line":4},"1":{"name":"(anonymous_1)","decl":{"start":{"line":10,"column":2},"end":{"line":10,"column":18}},"loc":{"start":{"line":10,"column":18},"end":{"line":12,"column":5}},"line":10},"2":{"name":"reload","decl":{"start":{"line":14,"column":11},"end":{"line":14,"column":20}},"loc":{"start":{"line":14,"column":20},"end":{"line":16,"column":null}},"line":14},"3":{"name":"(anonymous_3)","decl":{"start":{"line":15,"column":36},"end":{"line":15,"column":43}},"loc":{"start":{"line":15,"column":49},"end":{"line":15,"column":68}},"line":15},"4":{"name":"(anonymous_4)","decl":{"start":{"line":22,"column":40},"end":{"line":22,"column":55}},"loc":{"start":{"line":22,"column":55},"end":{"line":22,"column":73}},"line":22},"5":{"name":"(anonymous_5)","decl":{"start":{"line":30,"column":18},"end":{"line":30,"column":25}},"loc":{"start":{"line":30,"column":34},"end":{"line":34,"column":null}},"line":30},"6":{"name":"(anonymous_6)","decl":{"start":{"line":35,"column":10},"end":{"line":35,"column":25}},"loc":{"start":{"line":35,"column":25},"end":{"line":35,"column":null}},"line":35},"7":{"name":"(anonymous_7)","decl":{"start":{"line":43,"column":18},"end":{"line":43,"column":25}},"loc":{"start":{"line":43,"column":34},"end":{"line":47,"column":null}},"line":43},"8":{"name":"(anonymous_8)","decl":{"start":{"line":48,"column":10},"end":{"line":48,"column":25}},"loc":{"start":{"line":48,"column":25},"end":{"line":48,"column":null}},"line":48},"9":{"name":"(anonymous_9)","decl":{"start":{"line":66,"column":26},"end":{"line":66,"column":31}},"loc":{"start":{"line":67,"column":18},"end":{"line":74,"column":null}},"line":67},"10":{"name":"(anonymous_10)","decl":{"start":{"line":72,"column":59},"end":{"line":72,"column":74}},"loc":{"start":{"line":72,"column":74},"end":{"line":72,"column":89}},"line":72},"11":{"name":"ContactModal","decl":{"start":{"line":84,"column":9},"end":{"line":84,"column":22}},"loc":{"start":{"line":84,"column":64},"end":{"line":133,"column":null}},"line":84},"12":{"name":"handleSubmit","decl":{"start":{"line":93,"column":17},"end":{"line":93,"column":30}},"loc":{"start":{"line":93,"column":34},"end":{"line":103,"column":null}},"line":93},"13":{"name":"(anonymous_13)","decl":{"start":{"line":107,"column":29},"end":{"line":107,"column":39}},"loc":{"start":{"line":107,"column":45},"end":{"line":107,"column":null}},"line":107},"14":{"name":"(anonymous_14)","decl":{"start":{"line":113,"column":14},"end":{"line":113,"column":25}},"loc":{"start":{"line":113,"column":31},"end":{"line":113,"column":82}},"line":113},"15":{"name":"(anonymous_15)","decl":{"start":{"line":117,"column":14},"end":{"line":117,"column":25}},"loc":{"start":{"line":117,"column":31},"end":{"line":117,"column":81}},"line":117},"16":{"name":"(anonymous_16)","decl":{"start":{"line":121,"column":14},"end":{"line":121,"column":25}},"loc":{"start":{"line":121,"column":31},"end":{"line":121,"column":84}},"line":121}},"branchMap":{"0":{"loc":{"start":{"line":25,"column":7},"end":{"line":25,"column":null}},"type":"binary-expr","locations":[{"start":{"line":25,"column":7},"end":{"line":25,"column":16}},{"start":{"line":25,"column":16},"end":{"line":25,"column":null}}],"line":25},"1":{"loc":{"start":{"line":27,"column":7},"end":{"line":36,"column":null}},"type":"binary-expr","locations":[{"start":{"line":27,"column":7},"end":{"line":27,"column":null}},{"start":{"line":28,"column":8},"end":{"line":36,"column":null}}],"line":27},"2":{"loc":{"start":{"line":39,"column":7},"end":{"line":49,"column":null}},"type":"binary-expr","locations":[{"start":{"line":39,"column":7},"end":{"line":39,"column":null}},{"start":{"line":40,"column":8},"end":{"line":49,"column":null}}],"line":39},"3":{"loc":{"start":{"line":52,"column":7},"end":{"line":78,"column":null}},"type":"cond-expr","locations":[{"start":{"line":53,"column":10},"end":{"line":55,"column":11}},{"start":{"line":55,"column":10},"end":{"line":78,"column":null}}],"line":52},"4":{"loc":{"start":{"line":69,"column":25},"end":{"line":69,"column":null}},"type":"binary-expr","locations":[{"start":{"line":69,"column":25},"end":{"line":69,"column":40}},{"start":{"line":69,"column":40},"end":{"line":69,"column":null}}],"line":69},"5":{"loc":{"start":{"line":84,"column":31},"end":{"line":84,"column":45}},"type":"default-arg","locations":[{"start":{"line":84,"column":41},"end":{"line":84,"column":45}}],"line":84},"6":{"loc":{"start":{"line":86,"column":16},"end":{"line":86,"column":null}},"type":"binary-expr","locations":[{"start":{"line":86,"column":16},"end":{"line":86,"column":38}},{"start":{"line":86,"column":38},"end":{"line":86,"column":null}}],"line":86},"7":{"loc":{"start":{"line":87,"column":15},"end":{"line":87,"column":null}},"type":"binary-expr","locations":[{"start":{"line":87,"column":15},"end":{"line":87,"column":36}},{"start":{"line":87,"column":36},"end":{"line":87,"column":null}}],"line":87},"8":{"loc":{"start":{"line":88,"column":18},"end":{"line":88,"column":null}},"type":"binary-expr","locations":[{"start":{"line":88,"column":18},"end":{"line":88,"column":42}},{"start":{"line":88,"column":42},"end":{"line":88,"column":null}}],"line":88},"9":{"loc":{"start":{"line":109,"column":9},"end":{"line":109,"column":null}},"type":"binary-expr","locations":[{"start":{"line":109,"column":9},"end":{"line":109,"column":18}},{"start":{"line":109,"column":18},"end":{"line":109,"column":null}}],"line":109},"10":{"loc":{"start":{"line":126,"column":15},"end":{"line":126,"column":null}},"type":"cond-expr","locations":[{"start":{"line":126,"column":24},"end":{"line":126,"column":36}},{"start":{"line":126,"column":36},"end":{"line":126,"column":null}}],"line":126}},"s":{"0":21,"1":21,"2":21,"3":21,"4":21,"5":7,"6":9,"7":0,"8":21,"9":3,"10":2,"11":1,"12":1,"13":0,"14":1,"15":1,"16":1,"17":0,"18":26,"19":2,"20":50,"21":50,"22":50,"23":3,"24":3,"25":3,"26":3,"27":3,"28":1,"29":1,"30":50,"31":8,"32":17,"33":0,"34":24},"f":{"0":21,"1":7,"2":9,"3":0,"4":3,"5":2,"6":0,"7":1,"8":0,"9":26,"10":2,"11":50,"12":3,"13":8,"14":17,"15":0,"16":24},"b":{"0":[21,0],"1":[21,3],"2":[21,2],"3":[8,13],"4":[26,0],"5":[50],"6":[50,40],"7":[50,40],"8":[50,40],"9":[50,1],"10":[3,47]},"meta":{"lastBranch":11,"lastFunction":17,"lastStatement":35,"seen":{"f:4:24:4:35":0,"s:5:19:5:Infinity":0,"s:6:16:6:Infinity":1,"s:7:18:7:Infinity":2,"s:8:18:8:Infinity":3,"s:10:2:12:Infinity":4,"f:10:2:10:18":1,"s:11:4:11:Infinity":5,"f:14:11:14:20":2,"s:15:4:15:Infinity":6,"f:15:36:15:43":3,"s:15:49:15:68":7,"s:18:2:80:Infinity":8,"f:22:40:22:55":4,"s:22:55:22:73":9,"b:25:7:25:16:25:16:25:Infinity":0,"b:27:7:27:Infinity:28:8:36:Infinity":1,"f:30:18:30:25":5,"s:31:12:31:Infinity":10,"s:32:12:32:Infinity":11,"s:33:12:33:Infinity":12,"f:35:10:35:25":6,"s:35:25:35:Infinity":13,"b:39:7:39:Infinity:40:8:49:Infinity":2,"f:43:18:43:25":7,"s:44:12:44:Infinity":14,"s:45:12:45:Infinity":15,"s:46:12:46:Infinity":16,"f:48:10:48:25":8,"s:48:25:48:Infinity":17,"b:53:10:55:11:55:10:78:Infinity":3,"f:66:26:66:31":9,"s:67:18:74:Infinity":18,"b:69:25:69:40:69:40:69:Infinity":4,"f:72:59:72:74":10,"s:72:74:72:89":19,"f:84:9:84:22":11,"b:84:41:84:45":5,"s:85:15:89:Infinity":20,"b:86:16:86:38:86:38:86:Infinity":6,"b:87:15:87:36:87:36:87:Infinity":7,"b:88:18:88:42:88:42:88:Infinity":8,"s:90:17:90:Infinity":21,"s:91:16:91:Infinity":22,"f:93:17:93:30":12,"s:94:4:94:Infinity":23,"s:95:4:95:Infinity":24,"s:96:4:96:Infinity":25,"s:97:4:102:Infinity":26,"s:98:6:98:Infinity":27,"s:100:6:100:Infinity":28,"s:101:6:101:Infinity":29,"s:105:2:131:Infinity":30,"f:107:29:107:39":13,"s:107:45:107:Infinity":31,"b:109:9:109:18:109:18:109:Infinity":9,"f:113:14:113:25":14,"s:113:31:113:82":32,"f:117:14:117:25":15,"s:117:31:117:81":33,"f:121:14:121:25":16,"s:121:31:121:84":34,"b:126:24:126:36:126:36:126:Infinity":10},"fnNames":{}}}
,"/Users/kevinpanahi/Documents/Workspace/party-time/admin_ui/src/pages/EventDetails.jsx": {"path":"/Users/kevinpanahi/Documents/Workspace/party-time/admin_ui/src/pages/EventDetails.jsx","statementMap":{"0":{"start":{"line":7,"column":10},"end":{"line":7,"column":null}},"1":{"start":{"line":8,"column":8},"end":{"line":8,"column":null}},"2":{"start":{"line":9,"column":17},"end":{"line":9,"column":null}},"3":{"start":{"line":10,"column":16},"end":{"line":10,"column":null}},"4":{"start":{"line":11,"column":16},"end":{"line":11,"column":null}},"5":{"start":{"line":12,"column":20},"end":{"line":12,"column":null}},"6":{"start":{"line":13,"column":25},"end":{"line":13,"column":null}},"7":{"start":{"line":14,"column":21},"end":{"line":14,"column":null}},"8":{"start":{"line":15,"column":20},"end":{"line":15,"column":null}},"9":{"start":{"line":16,"column":25},"end":{"line":16,"column":null}},"10":{"start":{"line":17,"column":18},"end":{"line":17,"column":null}},"11":{"start":{"line":18,"column":16},"end":{"line":18,"column":null}},"12":{"start":{"line":19,"column":21},"end":{"line":19,"column":null}},"13":{"start":{"line":20,"column":8},"end":{"line":20,"column":null}},"14":{"start":{"line":21,"column":8},"end":{"line":21,"column":null}},"15":{"start":{"line":22,"column":8},"end":{"line":22,"column":null}},"16":{"start":{"line":24,"column":2},"end":{"line":31,"column":null}},"17":{"start":{"line":25,"column":4},"end":{"line":30,"column":null}},"18":{"start":{"line":26,"column":22},"end":{"line":29,"column":8}},"19":{"start":{"line":30,"column":20},"end":{"line":30,"column":39}},"20":{"start":{"line":33,"column":2},"end":{"line":40,"column":null}},"21":{"start":{"line":34,"column":4},"end":{"line":39,"column":null}},"22":{"start":{"line":35,"column":6},"end":{"line":35,"column":null}},"23":{"start":{"line":36,"column":6},"end":{"line":38,"column":null}},"24":{"start":{"line":38,"column":22},"end":{"line":38,"column":46}},"25":{"start":{"line":43,"column":4},"end":{"line":43,"column":null}},"26":{"start":{"line":44,"column":4},"end":{"line":58,"column":null}},"27":{"start":{"line":45,"column":6},"end":{"line":57,"column":null}},"28":{"start":{"line":46,"column":8},"end":{"line":52,"column":null}},"29":{"start":{"line":53,"column":8},"end":{"line":53,"column":null}},"30":{"start":{"line":54,"column":8},"end":{"line":54,"column":null}},"31":{"start":{"line":54,"column":25},"end":{"line":54,"column":42}},"32":{"start":{"line":56,"column":8},"end":{"line":56,"column":null}},"33":{"start":{"line":62,"column":4},"end":{"line":66,"column":null}},"34":{"start":{"line":63,"column":22},"end":{"line":63,"column":null}},"35":{"start":{"line":64,"column":6},"end":{"line":64,"column":null}},"36":{"start":{"line":65,"column":6},"end":{"line":65,"column":null}},"37":{"start":{"line":70,"column":18},"end":{"line":70,"column":null}},"38":{"start":{"line":71,"column":4},"end":{"line":74,"column":null}},"39":{"start":{"line":75,"column":4},"end":{"line":75,"column":null}},"40":{"start":{"line":79,"column":4},"end":{"line":79,"column":null}},"41":{"start":{"line":80,"column":4},"end":{"line":92,"column":null}},"42":{"start":{"line":81,"column":6},"end":{"line":81,"column":null}},"43":{"start":{"line":82,"column":6},"end":{"line":82,"column":null}},"44":{"start":{"line":82,"column":27},"end":{"line":82,"column":85}},"45":{"start":{"line":83,"column":6},"end":{"line":83,"column":null}},"46":{"start":{"line":85,"column":6},"end":{"line":87,"column":null}},"47":{"start":{"line":86,"column":8},"end":{"line":86,"column":null}},"48":{"start":{"line":86,"column":49},"end":{"line":86,"column":73}},"49":{"start":{"line":89,"column":6},"end":{"line":89,"column":null}},"50":{"start":{"line":91,"column":6},"end":{"line":91,"column":null}},"51":{"start":{"line":96,"column":4},"end":{"line":96,"column":null}},"52":{"start":{"line":97,"column":4},"end":{"line":97,"column":null}},"53":{"start":{"line":98,"column":4},"end":{"line":101,"column":null}},"54":{"start":{"line":99,"column":6},"end":{"line":99,"column":null}},"55":{"start":{"line":100,"column":6},"end":{"line":100,"column":null}},"56":{"start":{"line":105,"column":4},"end":{"line":105,"column":null}},"57":{"start":{"line":106,"column":4},"end":{"line":106,"column":null}},"58":{"start":{"line":106,"column":32},"end":{"line":106,"column":null}},"59":{"start":{"line":107,"column":4},"end":{"line":107,"column":null}},"60":{"start":{"line":108,"column":4},"end":{"line":119,"column":null}},"61":{"start":{"line":109,"column":6},"end":{"line":109,"column":null}},"62":{"start":{"line":110,"column":6},"end":{"line":110,"column":null}},"63":{"start":{"line":112,"column":6},"end":{"line":114,"column":null}},"64":{"start":{"line":113,"column":8},"end":{"line":113,"column":null}},"65":{"start":{"line":113,"column":49},"end":{"line":113,"column":73}},"66":{"start":{"line":116,"column":6},"end":{"line":116,"column":null}},"67":{"start":{"line":118,"column":6},"end":{"line":118,"column":null}},"68":{"start":{"line":122,"column":2},"end":{"line":122,"column":null}},"69":{"start":{"line":122,"column":13},"end":{"line":122,"column":null}},"70":{"start":{"line":123,"column":2},"end":{"line":123,"column":null}},"71":{"start":{"line":123,"column":15},"end":{"line":123,"column":null}},"72":{"start":{"line":125,"column":30},"end":{"line":125,"column":null}},"73":{"start":{"line":127,"column":2},"end":{"line":273,"column":null}},"74":{"start":{"line":130,"column":53},"end":{"line":130,"column":68}},"75":{"start":{"line":137,"column":58},"end":{"line":137,"column":79}},"76":{"start":{"line":149,"column":25},"end":{"line":149,"column":null}},"77":{"start":{"line":165,"column":55},"end":{"line":165,"column":93}},"78":{"start":{"line":169,"column":31},"end":{"line":169,"column":69}},"79":{"start":{"line":172,"column":59},"end":{"line":172,"column":101}},"80":{"start":{"line":175,"column":65},"end":{"line":175,"column":109}},"81":{"start":{"line":179,"column":31},"end":{"line":179,"column":84}},"82":{"start":{"line":189,"column":25},"end":{"line":189,"column":null}},"83":{"start":{"line":195,"column":25},"end":{"line":195,"column":null}},"84":{"start":{"line":206,"column":61},"end":{"line":206,"column":86}},"85":{"start":{"line":212,"column":52},"end":{"line":212,"column":64}},"86":{"start":{"line":214,"column":31},"end":{"line":214,"column":null}},"87":{"start":{"line":234,"column":22},"end":{"line":244,"column":null}},"88":{"start":{"line":258,"column":33},"end":{"line":258,"column":null}},"89":{"start":{"line":278,"column":19},"end":{"line":278,"column":null}},"90":{"start":{"line":281,"column":4},"end":{"line":285,"column":null}},"91":{"start":{"line":282,"column":19},"end":{"line":282,"column":null}},"92":{"start":{"line":283,"column":6},"end":{"line":283,"column":null}},"93":{"start":{"line":284,"column":6},"end":{"line":284,"column":null}},"94":{"start":{"line":288,"column":2},"end":{"line":288,"column":null}},"95":{"start":{"line":288,"column":13},"end":{"line":288,"column":null}},"96":{"start":{"line":289,"column":2},"end":{"line":289,"column":null}},"97":{"start":{"line":289,"column":14},"end":{"line":289,"column":null}},"98":{"start":{"line":291,"column":2},"end":{"line":297,"column":null}},"99":{"start":{"line":292,"column":4},"end":{"line":295,"column":null}},"100":{"start":{"line":299,"column":2},"end":{"line":340,"column":null}},"101":{"start":{"line":313,"column":12},"end":{"line":337,"column":null}},"102":{"start":{"line":322,"column":35},"end":{"line":322,"column":null}},"103":{"start":{"line":345,"column":14},"end":{"line":349,"column":null}},"104":{"start":{"line":350,"column":2},"end":{"line":350,"column":null}},"105":{"start":{"line":354,"column":2},"end":{"line":377,"column":null}},"106":{"start":{"line":356,"column":45},"end":{"line":356,"column":null}},"107":{"start":{"line":382,"column":19},"end":{"line":382,"column":null}},"108":{"start":{"line":383,"column":17},"end":{"line":383,"column":null}},"109":{"start":{"line":384,"column":15},"end":{"line":384,"column":null}},"110":{"start":{"line":385,"column":18},"end":{"line":385,"column":null}},"111":{"start":{"line":386,"column":21},"end":{"line":386,"column":null}},"112":{"start":{"line":387,"column":16},"end":{"line":387,"column":null}},"113":{"start":{"line":389,"column":2},"end":{"line":391,"column":null}},"114":{"start":{"line":390,"column":4},"end":{"line":390,"column":null}},"115":{"start":{"line":390,"column":49},"end":{"line":390,"column":68}},"116":{"start":{"line":393,"column":19},"end":{"line":401,"column":null}},"117":{"start":{"line":394,"column":4},"end":{"line":394,"column":null}},"118":{"start":{"line":394,"column":39},"end":{"line":394,"column":null}},"119":{"start":{"line":395,"column":14},"end":{"line":395,"column":null}},"120":{"start":{"line":396,"column":4},"end":{"line":399,"column":null}},"121":{"start":{"line":404,"column":4},"end":{"line":404,"column":null}},"122":{"start":{"line":405,"column":4},"end":{"line":412,"column":null}},"123":{"start":{"line":406,"column":6},"end":{"line":406,"column":null}},"124":{"start":{"line":407,"column":6},"end":{"line":407,"column":null}},"125":{"start":{"line":409,"column":6},"end":{"line":409,"column":null}},"126":{"start":{"line":411,"column":6},"end":{"line":411,"column":null}},"127":{"start":{"line":416,"column":4},"end":{"line":416,"column":null}},"128":{"start":{"line":417,"column":4},"end":{"line":417,"column":null}},"129":{"start":{"line":418,"column":4},"end":{"line":425,"column":null}},"130":{"start":{"line":419,"column":6},"end":{"line":419,"column":null}},"131":{"start":{"line":420,"column":6},"end":{"line":420,"column":null}},"132":{"start":{"line":422,"column":6},"end":{"line":422,"column":null}},"133":{"start":{"line":424,"column":6},"end":{"line":424,"column":null}},"134":{"start":{"line":428,"column":2},"end":{"line":503,"column":null}},"135":{"start":{"line":430,"column":56},"end":{"line":430,"column":null}},"136":{"start":{"line":434,"column":86},"end":{"line":434,"column":103}},"137":{"start":{"line":437,"column":85},"end":{"line":437,"column":101}},"138":{"start":{"line":451,"column":31},"end":{"line":451,"column":null}},"139":{"start":{"line":459,"column":62},"end":{"line":459,"column":78}},"140":{"start":{"line":463,"column":16},"end":{"line":471,"column":null}},"141":{"start":{"line":466,"column":33},"end":{"line":466,"column":null}},"142":{"start":{"line":484,"column":33},"end":{"line":484,"column":89}},"143":{"start":{"line":488,"column":33},"end":{"line":488,"column":89}},"144":{"start":{"line":492,"column":33},"end":{"line":492,"column":92}},"145":{"start":{"line":508,"column":17},"end":{"line":508,"column":null}},"146":{"start":{"line":511,"column":4},"end":{"line":514,"column":null}},"147":{"start":{"line":512,"column":6},"end":{"line":512,"column":null}},"148":{"start":{"line":513,"column":6},"end":{"line":513,"column":null}},"149":{"start":{"line":513,"column":23},"end":{"line":513,"column":41}},"150":{"start":{"line":517,"column":2},"end":{"line":523,"column":null}},"151":{"start":{"line":528,"column":14},"end":{"line":533,"column":null}},"152":{"start":{"line":534,"column":2},"end":{"line":534,"column":null}}},"fnMap":{"0":{"name":"EventDetails","decl":{"start":{"line":6,"column":24},"end":{"line":6,"column":39}},"loc":{"start":{"line":6,"column":39},"end":{"line":275,"column":null}},"line":6},"1":{"name":"(anonymous_1)","decl":{"start":{"line":24,"column":2},"end":{"line":24,"column":18}},"loc":{"start":{"line":24,"column":18},"end":{"line":31,"column":5}},"line":24},"2":{"name":"(anonymous_2)","decl":{"start":{"line":26,"column":7},"end":{"line":26,"column":13}},"loc":{"start":{"line":26,"column":22},"end":{"line":29,"column":8}},"line":26},"3":{"name":"(anonymous_3)","decl":{"start":{"line":30,"column":7},"end":{"line":30,"column":14}},"loc":{"start":{"line":30,"column":20},"end":{"line":30,"column":39}},"line":30},"4":{"name":"(anonymous_4)","decl":{"start":{"line":33,"column":2},"end":{"line":33,"column":18}},"loc":{"start":{"line":33,"column":18},"end":{"line":40,"column":5}},"line":33},"5":{"name":"(anonymous_5)","decl":{"start":{"line":38,"column":9},"end":{"line":38,"column":16}},"loc":{"start":{"line":38,"column":22},"end":{"line":38,"column":46}},"line":38},"6":{"name":"scheduleAutoSave","decl":{"start":{"line":42,"column":11},"end":{"line":42,"column":28}},"loc":{"start":{"line":42,"column":42},"end":{"line":59,"column":null}},"line":42},"7":{"name":"(anonymous_7)","decl":{"start":{"line":44,"column":35},"end":{"line":44,"column":47}},"loc":{"start":{"line":44,"column":47},"end":{"line":58,"column":7}},"line":44},"8":{"name":"(anonymous_8)","decl":{"start":{"line":54,"column":8},"end":{"line":54,"column":25}},"loc":{"start":{"line":54,"column":25},"end":{"line":54,"column":42}},"line":54},"9":{"name":"updateField","decl":{"start":{"line":61,"column":11},"end":{"line":61,"column":23}},"loc":{"start":{"line":61,"column":37},"end":{"line":67,"column":null}},"line":61},"10":{"name":"(anonymous_10)","decl":{"start":{"line":62,"column":4},"end":{"line":62,"column":15}},"loc":{"start":{"line":62,"column":24},"end":{"line":66,"column":5}},"line":62},"11":{"name":"handleInviteeAdded","decl":{"start":{"line":69,"column":17},"end":{"line":69,"column":38}},"loc":{"start":{"line":69,"column":38},"end":{"line":76,"column":null}},"line":69},"12":{"name":"handleLaunch","decl":{"start":{"line":78,"column":17},"end":{"line":78,"column":32}},"loc":{"start":{"line":78,"column":32},"end":{"line":93,"column":null}},"line":78},"13":{"name":"(anonymous_13)","decl":{"start":{"line":82,"column":6},"end":{"line":82,"column":17}},"loc":{"start":{"line":82,"column":27},"end":{"line":82,"column":85}},"line":82},"14":{"name":"(anonymous_14)","decl":{"start":{"line":86,"column":36},"end":{"line":86,"column":43}},"loc":{"start":{"line":86,"column":49},"end":{"line":86,"column":73}},"line":86},"15":{"name":"handleNotifyChanges","decl":{"start":{"line":95,"column":11},"end":{"line":95,"column":33}},"loc":{"start":{"line":95,"column":33},"end":{"line":102,"column":null}},"line":95},"16":{"name":"(anonymous_16)","decl":{"start":{"line":98,"column":4},"end":{"line":98,"column":21}},"loc":{"start":{"line":98,"column":21},"end":{"line":101,"column":7}},"line":98},"17":{"name":"handleSendMessage","decl":{"start":{"line":104,"column":17},"end":{"line":104,"column":35}},"loc":{"start":{"line":104,"column":39},"end":{"line":120,"column":null}},"line":104},"18":{"name":"(anonymous_18)","decl":{"start":{"line":113,"column":36},"end":{"line":113,"column":43}},"loc":{"start":{"line":113,"column":49},"end":{"line":113,"column":73}},"line":113},"19":{"name":"(anonymous_19)","decl":{"start":{"line":130,"column":38},"end":{"line":130,"column":53}},"loc":{"start":{"line":130,"column":53},"end":{"line":130,"column":68}},"line":130},"20":{"name":"(anonymous_20)","decl":{"start":{"line":137,"column":43},"end":{"line":137,"column":58}},"loc":{"start":{"line":137,"column":58},"end":{"line":137,"column":79}},"line":137},"21":{"name":"(anonymous_21)","decl":{"start":{"line":149,"column":10},"end":{"line":149,"column":25}},"loc":{"start":{"line":149,"column":25},"end":{"line":149,"column":null}},"line":149},"22":{"name":"(anonymous_22)","decl":{"start":{"line":165,"column":38},"end":{"line":165,"column":49}},"loc":{"start":{"line":165,"column":55},"end":{"line":165,"column":93}},"line":165},"23":{"name":"(anonymous_23)","decl":{"start":{"line":169,"column":14},"end":{"line":169,"column":25}},"loc":{"start":{"line":169,"column":31},"end":{"line":169,"column":69}},"line":169},"24":{"name":"(anonymous_24)","decl":{"start":{"line":172,"column":42},"end":{"line":172,"column":53}},"loc":{"start":{"line":172,"column":59},"end":{"line":172,"column":101}},"line":172},"25":{"name":"(anonymous_25)","decl":{"start":{"line":175,"column":48},"end":{"line":175,"column":59}},"loc":{"start":{"line":175,"column":65},"end":{"line":175,"column":109}},"line":175},"26":{"name":"(anonymous_26)","decl":{"start":{"line":179,"column":14},"end":{"line":179,"column":25}},"loc":{"start":{"line":179,"column":31},"end":{"line":179,"column":84}},"line":179},"27":{"name":"(anonymous_27)","decl":{"start":{"line":189,"column":10},"end":{"line":189,"column":25}},"loc":{"start":{"line":189,"column":25},"end":{"line":189,"column":null}},"line":189},"28":{"name":"(anonymous_28)","decl":{"start":{"line":195,"column":10},"end":{"line":195,"column":25}},"loc":{"start":{"line":195,"column":25},"end":{"line":195,"column":null}},"line":195},"29":{"name":"(anonymous_29)","decl":{"start":{"line":206,"column":46},"end":{"line":206,"column":61}},"loc":{"start":{"line":206,"column":61},"end":{"line":206,"column":86}},"line":206},"30":{"name":"(anonymous_30)","decl":{"start":{"line":212,"column":41},"end":{"line":212,"column":46}},"loc":{"start":{"line":212,"column":52},"end":{"line":212,"column":64}},"line":212},"31":{"name":"(anonymous_31)","decl":{"start":{"line":214,"column":16},"end":{"line":214,"column":31}},"loc":{"start":{"line":214,"column":31},"end":{"line":214,"column":null}},"line":214},"32":{"name":"(anonymous_32)","decl":{"start":{"line":233,"column":30},"end":{"line":233,"column":35}},"loc":{"start":{"line":234,"column":22},"end":{"line":244,"column":null}},"line":234},"33":{"name":"(anonymous_33)","decl":{"start":{"line":258,"column":16},"end":{"line":258,"column":27}},"loc":{"start":{"line":258,"column":33},"end":{"line":258,"column":null}},"line":258},"34":{"name":"MessagesTab","decl":{"start":{"line":277,"column":9},"end":{"line":277,"column":21}},"loc":{"start":{"line":277,"column":39},"end":{"line":342,"column":null}},"line":277},"35":{"name":"toggle","decl":{"start":{"line":280,"column":11},"end":{"line":280,"column":18}},"loc":{"start":{"line":280,"column":22},"end":{"line":286,"column":null}},"line":280},"36":{"name":"(anonymous_36)","decl":{"start":{"line":281,"column":4},"end":{"line":281,"column":17}},"loc":{"start":{"line":281,"column":26},"end":{"line":285,"column":5}},"line":281},"37":{"name":"(anonymous_37)","decl":{"start":{"line":312,"column":17},"end":{"line":312,"column":22}},"loc":{"start":{"line":313,"column":12},"end":{"line":337,"column":null}},"line":313},"38":{"name":"(anonymous_38)","decl":{"start":{"line":322,"column":20},"end":{"line":322,"column":35}},"loc":{"start":{"line":322,"column":35},"end":{"line":322,"column":null}},"line":322},"39":{"name":"TextStatusBadge","decl":{"start":{"line":344,"column":9},"end":{"line":344,"column":25}},"loc":{"start":{"line":344,"column":37},"end":{"line":351,"column":null}},"line":344},"40":{"name":"LaunchModal","decl":{"start":{"line":353,"column":9},"end":{"line":353,"column":21}},"loc":{"start":{"line":353,"column":70},"end":{"line":379,"column":null}},"line":353},"41":{"name":"(anonymous_41)","decl":{"start":{"line":356,"column":29},"end":{"line":356,"column":39}},"loc":{"start":{"line":356,"column":45},"end":{"line":356,"column":null}},"line":356},"42":{"name":"AddInviteeModal","decl":{"start":{"line":381,"column":9},"end":{"line":381,"column":25}},"loc":{"start":{"line":381,"column":72},"end":{"line":505,"column":null}},"line":381},"43":{"name":"(anonymous_43)","decl":{"start":{"line":389,"column":2},"end":{"line":389,"column":18}},"loc":{"start":{"line":389,"column":18},"end":{"line":391,"column":5}},"line":389},"44":{"name":"(anonymous_44)","decl":{"start":{"line":390,"column":36},"end":{"line":390,"column":43}},"loc":{"start":{"line":390,"column":49},"end":{"line":390,"column":68}},"line":390},"45":{"name":"(anonymous_45)","decl":{"start":{"line":393,"column":28},"end":{"line":393,"column":36}},"loc":{"start":{"line":393,"column":42},"end":{"line":401,"column":3}},"line":393},"46":{"name":"selectContact","decl":{"start":{"line":403,"column":17},"end":{"line":403,"column":31}},"loc":{"start":{"line":403,"column":40},"end":{"line":413,"column":null}},"line":403},"47":{"name":"handleCreateNew","decl":{"start":{"line":415,"column":17},"end":{"line":415,"column":33}},"loc":{"start":{"line":415,"column":37},"end":{"line":426,"column":null}},"line":415},"48":{"name":"(anonymous_48)","decl":{"start":{"line":430,"column":40},"end":{"line":430,"column":50}},"loc":{"start":{"line":430,"column":56},"end":{"line":430,"column":null}},"line":430},"49":{"name":"(anonymous_49)","decl":{"start":{"line":434,"column":71},"end":{"line":434,"column":86}},"loc":{"start":{"line":434,"column":86},"end":{"line":434,"column":103}},"line":434},"50":{"name":"(anonymous_50)","decl":{"start":{"line":437,"column":70},"end":{"line":437,"column":85}},"loc":{"start":{"line":437,"column":85},"end":{"line":437,"column":101}},"line":437},"51":{"name":"(anonymous_51)","decl":{"start":{"line":451,"column":14},"end":{"line":451,"column":25}},"loc":{"start":{"line":451,"column":31},"end":{"line":451,"column":null}},"line":451},"52":{"name":"(anonymous_52)","decl":{"start":{"line":459,"column":47},"end":{"line":459,"column":62}},"loc":{"start":{"line":459,"column":62},"end":{"line":459,"column":78}},"line":459},"53":{"name":"(anonymous_53)","decl":{"start":{"line":462,"column":24},"end":{"line":462,"column":29}},"loc":{"start":{"line":463,"column":16},"end":{"line":471,"column":null}},"line":463},"54":{"name":"(anonymous_54)","decl":{"start":{"line":466,"column":18},"end":{"line":466,"column":33}},"loc":{"start":{"line":466,"column":33},"end":{"line":466,"column":null}},"line":466},"55":{"name":"(anonymous_55)","decl":{"start":{"line":484,"column":16},"end":{"line":484,"column":27}},"loc":{"start":{"line":484,"column":33},"end":{"line":484,"column":89}},"line":484},"56":{"name":"(anonymous_56)","decl":{"start":{"line":488,"column":16},"end":{"line":488,"column":27}},"loc":{"start":{"line":488,"column":33},"end":{"line":488,"column":89}},"line":488},"57":{"name":"(anonymous_57)","decl":{"start":{"line":492,"column":16},"end":{"line":492,"column":27}},"loc":{"start":{"line":492,"column":33},"end":{"line":492,"column":92}},"line":492},"58":{"name":"InviteLink","decl":{"start":{"line":507,"column":9},"end":{"line":507,"column":20}},"loc":{"start":{"line":507,"column":29},"end":{"line":525,"column":null}},"line":507},"59":{"name":"copy","decl":{"start":{"line":510,"column":11},"end":{"line":510,"column":18}},"loc":{"start":{"line":510,"column":18},"end":{"line":515,"column":null}},"line":510},"60":{"name":"(anonymous_60)","decl":{"start":{"line":511,"column":39},"end":{"line":511,"column":50}},"loc":{"start":{"line":511,"column":50},"end":{"line":514,"column":5}},"line":511},"61":{"name":"(anonymous_61)","decl":{"start":{"line":513,"column":6},"end":{"line":513,"column":23}},"loc":{"start":{"line":513,"column":23},"end":{"line":513,"column":41}},"line":513},"62":{"name":"RSVPBadge","decl":{"start":{"line":527,"column":9},"end":{"line":527,"column":19}},"loc":{"start":{"line":527,"column":31},"end":{"line":535,"column":null}},"line":527}},"branchMap":{"0":{"loc":{"start":{"line":34,"column":4},"end":{"line":39,"column":null}},"type":"if","locations":[{"start":{"line":34,"column":4},"end":{"line":39,"column":null}},{"start":{},"end":{}}],"line":34},"1":{"loc":{"start":{"line":85,"column":6},"end":{"line":87,"column":null}},"type":"if","locations":[{"start":{"line":85,"column":6},"end":{"line":87,"column":null}},{"start":{},"end":{}}],"line":85},"2":{"loc":{"start":{"line":106,"column":4},"end":{"line":106,"column":null}},"type":"if","locations":[{"start":{"line":106,"column":4},"end":{"line":106,"column":null}},{"start":{},"end":{}}],"line":106},"3":{"loc":{"start":{"line":112,"column":6},"end":{"line":114,"column":null}},"type":"if","locations":[{"start":{"line":112,"column":6},"end":{"line":114,"column":null}},{"start":{},"end":{}}],"line":112},"4":{"loc":{"start":{"line":122,"column":2},"end":{"line":122,"column":null}},"type":"if","locations":[{"start":{"line":122,"column":2},"end":{"line":122,"column":null}},{"start":{},"end":{}}],"line":122},"5":{"loc":{"start":{"line":123,"column":2},"end":{"line":123,"column":null}},"type":"if","locations":[{"start":{"line":123,"column":2},"end":{"line":123,"column":null}},{"start":{},"end":{}}],"line":123},"6":{"loc":{"start":{"line":132,"column":11},"end":{"line":132,"column":null}},"type":"binary-expr","locations":[{"start":{"line":132,"column":11},"end":{"line":132,"column":20}},{"start":{"line":132,"column":20},"end":{"line":132,"column":null}}],"line":132},"7":{"loc":{"start":{"line":134,"column":13},"end":{"line":134,"column":null}},"type":"cond-expr","locations":[{"start":{"line":134,"column":40},"end":{"line":134,"column":50}},{"start":{"line":134,"column":50},"end":{"line":134,"column":null}}],"line":134},"8":{"loc":{"start":{"line":136,"column":11},"end":{"line":139,"column":null}},"type":"binary-expr","locations":[{"start":{"line":136,"column":11},"end":{"line":136,"column":null}},{"start":{"line":137,"column":12},"end":{"line":139,"column":null}}],"line":136},"9":{"loc":{"start":{"line":144,"column":7},"end":{"line":150,"column":null}},"type":"binary-expr","locations":[{"start":{"line":144,"column":7},"end":{"line":144,"column":null}},{"start":{"line":145,"column":8},"end":{"line":150,"column":null}}],"line":144},"10":{"loc":{"start":{"line":157,"column":11},"end":{"line":162,"column":null}},"type":"binary-expr","locations":[{"start":{"line":157,"column":11},"end":{"line":157,"column":null}},{"start":{"line":158,"column":12},"end":{"line":162,"column":null}}],"line":157},"11":{"loc":{"start":{"line":188,"column":33},"end":{"line":188,"column":null}},"type":"cond-expr","locations":[{"start":{"line":188,"column":60},"end":{"line":188,"column":71}},{"start":{"line":188,"column":71},"end":{"line":188,"column":null}}],"line":188},"12":{"loc":{"start":{"line":194,"column":33},"end":{"line":194,"column":null}},"type":"cond-expr","locations":[{"start":{"line":194,"column":60},"end":{"line":194,"column":71}},{"start":{"line":194,"column":71},"end":{"line":194,"column":null}}],"line":194},"13":{"loc":{"start":{"line":201,"column":7},"end":{"line":267,"column":null}},"type":"binary-expr","locations":[{"start":{"line":201,"column":7},"end":{"line":201,"column":null}},{"start":{"line":202,"column":8},"end":{"line":267,"column":null}}],"line":201},"14":{"loc":{"start":{"line":209,"column":13},"end":{"line":215,"column":null}},"type":"binary-expr","locations":[{"start":{"line":209,"column":13},"end":{"line":209,"column":null}},{"start":{"line":210,"column":14},"end":{"line":215,"column":null}}],"line":209},"15":{"loc":{"start":{"line":218,"column":13},"end":{"line":247,"column":null}},"type":"cond-expr","locations":[{"start":{"line":219,"column":16},"end":{"line":221,"column":17}},{"start":{"line":221,"column":16},"end":{"line":247,"column":null}}],"line":218},"16":{"loc":{"start":{"line":238,"column":29},"end":{"line":238,"column":95}},"type":"cond-expr","locations":[{"start":{"line":238,"column":57},"end":{"line":238,"column":87}},{"start":{"line":238,"column":87},"end":{"line":238,"column":95}}],"line":238},"17":{"loc":{"start":{"line":239,"column":29},"end":{"line":242,"column":null}},"type":"cond-expr","locations":[{"start":{"line":240,"column":28},"end":{"line":241,"column":29}},{"start":{"line":241,"column":28},"end":{"line":242,"column":null}}],"line":239},"18":{"loc":{"start":{"line":262,"column":70},"end":{"line":262,"column":null}},"type":"binary-expr","locations":[{"start":{"line":262,"column":70},"end":{"line":262,"column":81}},{"start":{"line":262,"column":81},"end":{"line":262,"column":null}}],"line":262},"19":{"loc":{"start":{"line":263,"column":17},"end":{"line":263,"column":null}},"type":"cond-expr","locations":[{"start":{"line":263,"column":27},"end":{"line":263,"column":40}},{"start":{"line":263,"column":40},"end":{"line":263,"column":null}}],"line":263},"20":{"loc":{"start":{"line":270,"column":7},"end":{"line":271,"column":null}},"type":"binary-expr","locations":[{"start":{"line":270,"column":7},"end":{"line":270,"column":null}},{"start":{"line":271,"column":8},"end":{"line":271,"column":null}}],"line":270},"21":{"loc":{"start":{"line":283,"column":6},"end":{"line":283,"column":null}},"type":"cond-expr","locations":[{"start":{"line":283,"column":21},"end":{"line":283,"column":39}},{"start":{"line":283,"column":39},"end":{"line":283,"column":null}}],"line":283},"22":{"loc":{"start":{"line":288,"column":2},"end":{"line":288,"column":null}},"type":"if","locations":[{"start":{"line":288,"column":2},"end":{"line":288,"column":null}},{"start":{},"end":{}}],"line":288},"23":{"loc":{"start":{"line":289,"column":2},"end":{"line":289,"column":null}},"type":"if","locations":[{"start":{"line":289,"column":2},"end":{"line":289,"column":null}},{"start":{},"end":{}}],"line":289},"24":{"loc":{"start":{"line":291,"column":2},"end":{"line":297,"column":null}},"type":"if","locations":[{"start":{"line":291,"column":2},"end":{"line":297,"column":null}},{"start":{},"end":{}}],"line":291},"25":{"loc":{"start":{"line":323,"column":27},"end":{"line":323,"column":null}},"type":"cond-expr","locations":[{"start":{"line":323,"column":48},"end":{"line":323,"column":61}},{"start":{"line":323,"column":61},"end":{"line":323,"column":null}}],"line":323},"26":{"loc":{"start":{"line":325,"column":21},"end":{"line":325,"column":null}},"type":"cond-expr","locations":[{"start":{"line":325,"column":42},"end":{"line":325,"column":48}},{"start":{"line":325,"column":48},"end":{"line":325,"column":null}}],"line":325},"27":{"loc":{"start":{"line":329,"column":15},"end":{"line":334,"column":null}},"type":"binary-expr","locations":[{"start":{"line":329,"column":15},"end":{"line":329,"column":null}},{"start":{"line":330,"column":16},"end":{"line":334,"column":null}}],"line":329},"28":{"loc":{"start":{"line":345,"column":14},"end":{"line":349,"column":null}},"type":"binary-expr","locations":[{"start":{"line":345,"column":14},"end":{"line":349,"column":15}},{"start":{"line":349,"column":15},"end":{"line":349,"column":null}}],"line":345},"29":{"loc":{"start":{"line":360,"column":34},"end":{"line":360,"column":86}},"type":"cond-expr","locations":[{"start":{"line":360,"column":55},"end":{"line":360,"column":67}},{"start":{"line":360,"column":67},"end":{"line":360,"column":86}}],"line":360},"30":{"loc":{"start":{"line":363,"column":9},"end":{"line":364,"column":null}},"type":"binary-expr","locations":[{"start":{"line":363,"column":9},"end":{"line":363,"column":null}},{"start":{"line":364,"column":10},"end":{"line":364,"column":null}}],"line":363},"31":{"loc":{"start":{"line":371,"column":22},"end":{"line":371,"column":null}},"type":"binary-expr","locations":[{"start":{"line":371,"column":22},"end":{"line":371,"column":35}},{"start":{"line":371,"column":35},"end":{"line":371,"column":null}}],"line":371},"32":{"loc":{"start":{"line":373,"column":13},"end":{"line":373,"column":null}},"type":"cond-expr","locations":[{"start":{"line":373,"column":25},"end":{"line":373,"column":40}},{"start":{"line":373,"column":40},"end":{"line":373,"column":null}}],"line":373},"33":{"loc":{"start":{"line":394,"column":4},"end":{"line":394,"column":null}},"type":"if","locations":[{"start":{"line":394,"column":4},"end":{"line":394,"column":null}},{"start":{},"end":{}}],"line":394},"34":{"loc":{"start":{"line":397,"column":6},"end":{"line":399,"column":null}},"type":"binary-expr","locations":[{"start":{"line":397,"column":6},"end":{"line":397,"column":null}},{"start":{"line":398,"column":6},"end":{"line":398,"column":null}},{"start":{"line":399,"column":6},"end":{"line":399,"column":null}}],"line":397},"35":{"loc":{"start":{"line":434,"column":31},"end":{"line":434,"column":71}},"type":"cond-expr","locations":[{"start":{"line":434,"column":49},"end":{"line":434,"column":64}},{"start":{"line":434,"column":64},"end":{"line":434,"column":71}}],"line":434},"36":{"loc":{"start":{"line":437,"column":31},"end":{"line":437,"column":70}},"type":"cond-expr","locations":[{"start":{"line":437,"column":48},"end":{"line":437,"column":63}},{"start":{"line":437,"column":63},"end":{"line":437,"column":70}}],"line":437},"37":{"loc":{"start":{"line":443,"column":9},"end":{"line":443,"column":null}},"type":"binary-expr","locations":[{"start":{"line":443,"column":9},"end":{"line":443,"column":18}},{"start":{"line":443,"column":18},"end":{"line":443,"column":null}}],"line":443},"38":{"loc":{"start":{"line":445,"column":9},"end":{"line":477,"column":null}},"type":"binary-expr","locations":[{"start":{"line":445,"column":9},"end":{"line":445,"column":null}},{"start":{"line":446,"column":10},"end":{"line":477,"column":null}}],"line":445},"39":{"loc":{"start":{"line":455,"column":15},"end":{"line":455,"column":null}},"type":"binary-expr","locations":[{"start":{"line":455,"column":15},"end":{"line":455,"column":40}},{"start":{"line":455,"column":40},"end":{"line":455,"column":null}}],"line":455},"40":{"loc":{"start":{"line":456,"column":15},"end":{"line":460,"column":null}},"type":"binary-expr","locations":[{"start":{"line":456,"column":15},"end":{"line":456,"column":38}},{"start":{"line":456,"column":38},"end":{"line":456,"column":null}},{"start":{"line":457,"column":16},"end":{"line":460,"column":null}}],"line":456},"41":{"loc":{"start":{"line":480,"column":9},"end":{"line":500,"column":null}},"type":"binary-expr","locations":[{"start":{"line":480,"column":9},"end":{"line":480,"column":null}},{"start":{"line":481,"column":10},"end":{"line":500,"column":null}}],"line":480},"42":{"loc":{"start":{"line":497,"column":17},"end":{"line":497,"column":null}},"type":"cond-expr","locations":[{"start":{"line":497,"column":30},"end":{"line":497,"column":42}},{"start":{"line":497,"column":42},"end":{"line":497,"column":null}}],"line":497},"43":{"loc":{"start":{"line":521,"column":9},"end":{"line":521,"column":null}},"type":"cond-expr","locations":[{"start":{"line":521,"column":18},"end":{"line":521,"column":24}},{"start":{"line":521,"column":24},"end":{"line":521,"column":null}}],"line":521},"44":{"loc":{"start":{"line":528,"column":14},"end":{"line":533,"column":null}},"type":"binary-expr","locations":[{"start":{"line":528,"column":14},"end":{"line":533,"column":15}},{"start":{"line":533,"column":15},"end":{"line":533,"column":null}}],"line":528}},"s":{"0":108,"1":108,"2":108,"3":108,"4":108,"5":108,"6":108,"7":108,"8":108,"9":108,"10":108,"11":108,"12":108,"13":108,"14":108,"15":108,"16":108,"17":27,"18":26,"19":1,"20":108,"21":31,"22":4,"23":4,"24":1,"25":3,"26":3,"27":3,"28":3,"29":2,"30":2,"31":0,"32":1,"33":3,"34":3,"35":3,"36":3,"37":2,"38":2,"39":2,"40":2,"41":2,"42":2,"43":2,"44":2,"45":2,"46":2,"47":1,"48":0,"49":0,"50":2,"51":0,"52":0,"53":0,"54":0,"55":0,"56":1,"57":1,"58":0,"59":1,"60":1,"61":1,"62":1,"63":1,"64":0,"65":0,"66":0,"67":1,"68":108,"69":2,"70":106,"71":106,"72":79,"73":79,"74":1,"75":5,"76":1,"77":1,"78":0,"79":2,"80":0,"81":0,"82":0,"83":4,"84":7,"85":7,"86":0,"87":62,"88":15,"89":13,"90":2,"91":2,"92":2,"93":2,"94":13,"95":1,"96":12,"97":12,"98":8,"99":0,"100":8,"101":8,"102":2,"103":8,"104":8,"105":7,"106":3,"107":48,"108":48,"109":48,"110":48,"111":48,"112":48,"113":48,"114":7,"115":0,"116":48,"117":82,"118":41,"119":41,"120":41,"121":2,"122":2,"123":2,"124":1,"125":1,"126":2,"127":1,"128":1,"129":1,"130":1,"131":1,"132":0,"133":1,"134":48,"135":10,"136":0,"137":1,"138":11,"139":1,"140":13,"141":2,"142":5,"143":0,"144":12,"145":62,"146":0,"147":0,"148":0,"149":0,"150":62,"151":62,"152":62},"f":{"0":108,"1":27,"2":26,"3":1,"4":31,"5":1,"6":3,"7":3,"8":0,"9":3,"10":3,"11":2,"12":2,"13":2,"14":0,"15":0,"16":0,"17":1,"18":0,"19":1,"20":5,"21":1,"22":1,"23":0,"24":2,"25":0,"26":0,"27":0,"28":4,"29":7,"30":7,"31":0,"32":62,"33":15,"34":13,"35":2,"36":2,"37":8,"38":2,"39":8,"40":7,"41":3,"42":48,"43":7,"44":0,"45":82,"46":2,"47":1,"48":10,"49":0,"50":1,"51":11,"52":1,"53":13,"54":2,"55":5,"56":0,"57":12,"58":62,"59":0,"60":0,"61":0,"62":62},"b":{"0":[4,27],"1":[1,1],"2":[0,1],"3":[0,1],"4":[2,106],"5":[27,79],"6":[79,2],"7":[76,3],"8":[108,76],"9":[108,7],"10":[108,3],"11":[64,15],"12":[15,64],"13":[108,64],"14":[64,7],"15":[2,62],"16":[0,62],"17":[0,62],"18":[64,63],"19":[1,63],"20":[108,15],"21":[1,1],"22":[1,12],"23":[4,8],"24":[0,8],"25":[1,7],"26":[1,7],"27":[8,1],"28":[8,0],"29":[6,1],"30":[7,1],"31":[7,5],"32":[2,5],"33":[41,41],"34":[41,9,9],"35":[28,20],"36":[20,28],"37":[48,1],"38":[48,28],"39":[28,7],"40":[28,21,8],"41":[48,20],"42":[1,19],"43":[0,62],"44":[62,0]},"meta":{"lastBranch":45,"lastFunction":63,"lastStatement":153,"seen":{"f:6:24:6:39":0,"s:7:10:7:Infinity":0,"s:8:8:8:Infinity":1,"s:9:17:9:Infinity":2,"s:10:16:10:Infinity":3,"s:11:16:11:Infinity":4,"s:12:20:12:Infinity":5,"s:13:25:13:Infinity":6,"s:14:21:14:Infinity":7,"s:15:20:15:Infinity":8,"s:16:25:16:Infinity":9,"s:17:18:17:Infinity":10,"s:18:16:18:Infinity":11,"s:19:21:19:Infinity":12,"s:20:8:20:Infinity":13,"s:21:8:21:Infinity":14,"s:22:8:22:Infinity":15,"s:24:2:31:Infinity":16,"f:24:2:24:18":1,"s:25:4:30:Infinity":17,"f:26:7:26:13":2,"s:26:22:29:8":18,"f:30:7:30:14":3,"s:30:20:30:39":19,"s:33:2:40:Infinity":20,"f:33:2:33:18":4,"b:34:4:39:Infinity:undefined:undefined:undefined:undefined":0,"s:34:4:39:Infinity":21,"s:35:6:35:Infinity":22,"s:36:6:38:Infinity":23,"f:38:9:38:16":5,"s:38:22:38:46":24,"f:42:11:42:28":6,"s:43:4:43:Infinity":25,"s:44:4:58:Infinity":26,"f:44:35:44:47":7,"s:45:6:57:Infinity":27,"s:46:8:52:Infinity":28,"s:53:8:53:Infinity":29,"s:54:8:54:Infinity":30,"f:54:8:54:25":8,"s:54:25:54:42":31,"s:56:8:56:Infinity":32,"f:61:11:61:23":9,"s:62:4:66:Infinity":33,"f:62:4:62:15":10,"s:63:22:63:Infinity":34,"s:64:6:64:Infinity":35,"s:65:6:65:Infinity":36,"f:69:17:69:38":11,"s:70:18:70:Infinity":37,"s:71:4:74:Infinity":38,"s:75:4:75:Infinity":39,"f:78:17:78:32":12,"s:79:4:79:Infinity":40,"s:80:4:92:Infinity":41,"s:81:6:81:Infinity":42,"s:82:6:82:Infinity":43,"f:82:6:82:17":13,"s:82:27:82:85":44,"s:83:6:83:Infinity":45,"b:85:6:87:Infinity:undefined:undefined:undefined:undefined":1,"s:85:6:87:Infinity":46,"s:86:8:86:Infinity":47,"f:86:36:86:43":14,"s:86:49:86:73":48,"s:89:6:89:Infinity":49,"s:91:6:91:Infinity":50,"f:95:11:95:33":15,"s:96:4:96:Infinity":51,"s:97:4:97:Infinity":52,"s:98:4:101:Infinity":53,"f:98:4:98:21":16,"s:99:6:99:Infinity":54,"s:100:6:100:Infinity":55,"f:104:17:104:35":17,"s:105:4:105:Infinity":56,"b:106:4:106:Infinity:undefined:undefined:undefined:undefined":2,"s:106:4:106:Infinity":57,"s:106:32:106:Infinity":58,"s:107:4:107:Infinity":59,"s:108:4:119:Infinity":60,"s:109:6:109:Infinity":61,"s:110:6:110:Infinity":62,"b:112:6:114:Infinity:undefined:undefined:undefined:undefined":3,"s:112:6:114:Infinity":63,"s:113:8:113:Infinity":64,"f:113:36:113:43":18,"s:113:49:113:73":65,"s:116:6:116:Infinity":66,"s:118:6:118:Infinity":67,"b:122:2:122:Infinity:undefined:undefined:undefined:undefined":4,"s:122:2:122:Infinity":68,"s:122:13:122:Infinity":69,"b:123:2:123:Infinity:undefined:undefined:undefined:undefined":5,"s:123:2:123:Infinity":70,"s:123:15:123:Infinity":71,"s:125:30:125:Infinity":72,"s:127:2:273:Infinity":73,"f:130:38:130:53":19,"s:130:53:130:68":74,"b:132:11:132:20:132:20:132:Infinity":6,"b:134:40:134:50:134:50:134:Infinity":7,"b:136:11:136:Infinity:137:12:139:Infinity":8,"f:137:43:137:58":20,"s:137:58:137:79":75,"b:144:7:144:Infinity:145:8:150:Infinity":9,"f:149:10:149:25":21,"s:149:25:149:Infinity":76,"b:157:11:157:Infinity:158:12:162:Infinity":10,"f:165:38:165:49":22,"s:165:55:165:93":77,"f:169:14:169:25":23,"s:169:31:169:69":78,"f:172:42:172:53":24,"s:172:59:172:101":79,"f:175:48:175:59":25,"s:175:65:175:109":80,"f:179:14:179:25":26,"s:179:31:179:84":81,"b:188:60:188:71:188:71:188:Infinity":11,"f:189:10:189:25":27,"s:189:25:189:Infinity":82,"b:194:60:194:71:194:71:194:Infinity":12,"f:195:10:195:25":28,"s:195:25:195:Infinity":83,"b:201:7:201:Infinity:202:8:267:Infinity":13,"f:206:46:206:61":29,"s:206:61:206:86":84,"b:209:13:209:Infinity:210:14:215:Infinity":14,"f:212:41:212:46":30,"s:212:52:212:64":85,"f:214:16:214:31":31,"s:214:31:214:Infinity":86,"b:219:16:221:17:221:16:247:Infinity":15,"f:233:30:233:35":32,"s:234:22:244:Infinity":87,"b:238:57:238:87:238:87:238:95":16,"b:240:28:241:29:241:28:242:Infinity":17,"f:258:16:258:27":33,"s:258:33:258:Infinity":88,"b:262:70:262:81:262:81:262:Infinity":18,"b:263:27:263:40:263:40:263:Infinity":19,"b:270:7:270:Infinity:271:8:271:Infinity":20,"f:277:9:277:21":34,"s:278:19:278:Infinity":89,"f:280:11:280:18":35,"s:281:4:285:Infinity":90,"f:281:4:281:17":36,"s:282:19:282:Infinity":91,"s:283:6:283:Infinity":92,"b:283:21:283:39:283:39:283:Infinity":21,"s:284:6:284:Infinity":93,"b:288:2:288:Infinity:undefined:undefined:undefined:undefined":22,"s:288:2:288:Infinity":94,"s:288:13:288:Infinity":95,"b:289:2:289:Infinity:undefined:undefined:undefined:undefined":23,"s:289:2:289:Infinity":96,"s:289:14:289:Infinity":97,"b:291:2:297:Infinity:undefined:undefined:undefined:undefined":24,"s:291:2:297:Infinity":98,"s:292:4:295:Infinity":99,"s:299:2:340:Infinity":100,"f:312:17:312:22":37,"s:313:12:337:Infinity":101,"f:322:20:322:35":38,"s:322:35:322:Infinity":102,"b:323:48:323:61:323:61:323:Infinity":25,"b:325:42:325:48:325:48:325:Infinity":26,"b:329:15:329:Infinity:330:16:334:Infinity":27,"f:344:9:344:25":39,"s:345:14:349:Infinity":103,"b:345:14:349:15:349:15:349:Infinity":28,"s:350:2:350:Infinity":104,"f:353:9:353:21":40,"s:354:2:377:Infinity":105,"f:356:29:356:39":41,"s:356:45:356:Infinity":106,"b:360:55:360:67:360:67:360:86":29,"b:363:9:363:Infinity:364:10:364:Infinity":30,"b:371:22:371:35:371:35:371:Infinity":31,"b:373:25:373:40:373:40:373:Infinity":32,"f:381:9:381:25":42,"s:382:19:382:Infinity":107,"s:383:17:383:Infinity":108,"s:384:15:384:Infinity":109,"s:385:18:385:Infinity":110,"s:386:21:386:Infinity":111,"s:387:16:387:Infinity":112,"s:389:2:391:Infinity":113,"f:389:2:389:18":43,"s:390:4:390:Infinity":114,"f:390:36:390:43":44,"s:390:49:390:68":115,"s:393:19:401:Infinity":116,"f:393:28:393:36":45,"b:394:4:394:Infinity:undefined:undefined:undefined:undefined":33,"s:394:4:394:Infinity":117,"s:394:39:394:Infinity":118,"s:395:14:395:Infinity":119,"s:396:4:399:Infinity":120,"b:397:6:397:Infinity:398:6:398:Infinity:399:6:399:Infinity":34,"f:403:17:403:31":46,"s:404:4:404:Infinity":121,"s:405:4:412:Infinity":122,"s:406:6:406:Infinity":123,"s:407:6:407:Infinity":124,"s:409:6:409:Infinity":125,"s:411:6:411:Infinity":126,"f:415:17:415:33":47,"s:416:4:416:Infinity":127,"s:417:4:417:Infinity":128,"s:418:4:425:Infinity":129,"s:419:6:419:Infinity":130,"s:420:6:420:Infinity":131,"s:422:6:422:Infinity":132,"s:424:6:424:Infinity":133,"s:428:2:503:Infinity":134,"f:430:40:430:50":48,"s:430:56:430:Infinity":135,"b:434:49:434:64:434:64:434:71":35,"f:434:71:434:86":49,"s:434:86:434:103":136,"b:437:48:437:63:437:63:437:70":36,"f:437:70:437:85":50,"s:437:85:437:101":137,"b:443:9:443:18:443:18:443:Infinity":37,"b:445:9:445:Infinity:446:10:477:Infinity":38,"f:451:14:451:25":51,"s:451:31:451:Infinity":138,"b:455:15:455:40:455:40:455:Infinity":39,"b:456:15:456:38:456:38:456:Infinity:457:16:460:Infinity":40,"f:459:47:459:62":52,"s:459:62:459:78":139,"f:462:24:462:29":53,"s:463:16:471:Infinity":140,"f:466:18:466:33":54,"s:466:33:466:Infinity":141,"b:480:9:480:Infinity:481:10:500:Infinity":41,"f:484:16:484:27":55,"s:484:33:484:89":142,"f:488:16:488:27":56,"s:488:33:488:89":143,"f:492:16:492:27":57,"s:492:33:492:92":144,"b:497:30:497:42:497:42:497:Infinity":42,"f:507:9:507:20":58,"s:508:17:508:Infinity":145,"f:510:11:510:18":59,"s:511:4:514:Infinity":146,"f:511:39:511:50":60,"s:512:6:512:Infinity":147,"s:513:6:513:Infinity":148,"f:513:6:513:23":61,"s:513:23:513:41":149,"s:517:2:523:Infinity":150,"b:521:18:521:24:521:24:521:Infinity":43,"f:527:9:527:19":62,"s:528:14:533:Infinity":151,"b:528:14:533:15:533:15:533:Infinity":44,"s:534:2:534:Infinity":152},"fnNames":{}}}
,"/Users/kevinpanahi/Documents/Workspace/party-time/admin_ui/src/pages/EventSummary.jsx": {"path":"/Users/kevinpanahi/Documents/Workspace/party-time/admin_ui/src/pages/EventSummary.jsx","statementMap":{"0":{"start":{"line":7,"column":2},"end":{"line":7,"column":null}},"1":{"start":{"line":11,"column":8},"end":{"line":11,"column":null}},"2":{"start":{"line":12,"column":17},"end":{"line":12,"column":null}},"3":{"start":{"line":13,"column":16},"end":{"line":13,"column":null}},"4":{"start":{"line":14,"column":21},"end":{"line":14,"column":null}},"5":{"start":{"line":15,"column":15},"end":{"line":17,"column":null}},"6":{"start":{"line":18,"column":19},"end":{"line":18,"column":null}},"7":{"start":{"line":20,"column":2},"end":{"line":22,"column":null}},"8":{"start":{"line":21,"column":4},"end":{"line":21,"column":null}},"9":{"start":{"line":21,"column":45},"end":{"line":21,"column":64}},"10":{"start":{"line":24,"column":19},"end":{"line":24,"column":null}},"11":{"start":{"line":25,"column":15},"end":{"line":25,"column":null}},"12":{"start":{"line":25,"column":36},"end":{"line":25,"column":50}},"13":{"start":{"line":28,"column":4},"end":{"line":28,"column":null}},"14":{"start":{"line":29,"column":4},"end":{"line":29,"column":null}},"15":{"start":{"line":30,"column":4},"end":{"line":37,"column":null}},"16":{"start":{"line":31,"column":21},"end":{"line":31,"column":null}},"17":{"start":{"line":32,"column":6},"end":{"line":32,"column":null}},"18":{"start":{"line":34,"column":6},"end":{"line":34,"column":null}},"19":{"start":{"line":36,"column":6},"end":{"line":36,"column":null}},"20":{"start":{"line":40,"column":2},"end":{"line":98,"column":null}},"21":{"start":{"line":44,"column":55},"end":{"line":44,"column":76}},"22":{"start":{"line":52,"column":55},"end":{"line":52,"column":null}},"23":{"start":{"line":53,"column":49},"end":{"line":53,"column":null}},"24":{"start":{"line":57,"column":67},"end":{"line":57,"column":112}},"25":{"start":{"line":61,"column":35},"end":{"line":61,"column":80}},"26":{"start":{"line":64,"column":68},"end":{"line":64,"column":120}},"27":{"start":{"line":67,"column":71},"end":{"line":67,"column":120}},"28":{"start":{"line":71,"column":35},"end":{"line":71,"column":95}},"29":{"start":{"line":75,"column":75},"end":{"line":75,"column":97}},"30":{"start":{"line":89,"column":62},"end":{"line":89,"column":89}},"31":{"start":{"line":96,"column":58},"end":{"line":96,"column":85}},"32":{"start":{"line":103,"column":2},"end":{"line":129,"column":null}},"33":{"start":{"line":118,"column":10},"end":{"line":126,"column":null}},"34":{"start":{"line":118,"column":66},"end":{"line":118,"column":null}}},"fnMap":{"0":{"name":"isUpcoming","decl":{"start":{"line":6,"column":9},"end":{"line":6,"column":20}},"loc":{"start":{"line":6,"column":27},"end":{"line":8,"column":null}},"line":6},"1":{"name":"EventSummary","decl":{"start":{"line":10,"column":24},"end":{"line":10,"column":39}},"loc":{"start":{"line":10,"column":39},"end":{"line":100,"column":null}},"line":10},"2":{"name":"(anonymous_2)","decl":{"start":{"line":20,"column":2},"end":{"line":20,"column":18}},"loc":{"start":{"line":20,"column":18},"end":{"line":22,"column":5}},"line":20},"3":{"name":"(anonymous_3)","decl":{"start":{"line":21,"column":32},"end":{"line":21,"column":39}},"loc":{"start":{"line":21,"column":45},"end":{"line":21,"column":64}},"line":21},"4":{"name":"(anonymous_4)","decl":{"start":{"line":25,"column":22},"end":{"line":25,"column":30}},"loc":{"start":{"line":25,"column":36},"end":{"line":25,"column":50}},"line":25},"5":{"name":"handleCreate","decl":{"start":{"line":27,"column":17},"end":{"line":27,"column":30}},"loc":{"start":{"line":27,"column":34},"end":{"line":38,"column":null}},"line":27},"6":{"name":"(anonymous_6)","decl":{"start":{"line":44,"column":40},"end":{"line":44,"column":55}},"loc":{"start":{"line":44,"column":55},"end":{"line":44,"column":76}},"line":44},"7":{"name":"(anonymous_7)","decl":{"start":{"line":52,"column":40},"end":{"line":52,"column":55}},"loc":{"start":{"line":52,"column":55},"end":{"line":52,"column":null}},"line":52},"8":{"name":"(anonymous_8)","decl":{"start":{"line":53,"column":33},"end":{"line":53,"column":43}},"loc":{"start":{"line":53,"column":49},"end":{"line":53,"column":null}},"line":53},"9":{"name":"(anonymous_9)","decl":{"start":{"line":57,"column":50},"end":{"line":57,"column":61}},"loc":{"start":{"line":57,"column":67},"end":{"line":57,"column":112}},"line":57},"10":{"name":"(anonymous_10)","decl":{"start":{"line":61,"column":18},"end":{"line":61,"column":29}},"loc":{"start":{"line":61,"column":35},"end":{"line":61,"column":80}},"line":61},"11":{"name":"(anonymous_11)","decl":{"start":{"line":64,"column":51},"end":{"line":64,"column":62}},"loc":{"start":{"line":64,"column":68},"end":{"line":64,"column":120}},"line":64},"12":{"name":"(anonymous_12)","decl":{"start":{"line":67,"column":54},"end":{"line":67,"column":65}},"loc":{"start":{"line":67,"column":71},"end":{"line":67,"column":120}},"line":67},"13":{"name":"(anonymous_13)","decl":{"start":{"line":71,"column":18},"end":{"line":71,"column":29}},"loc":{"start":{"line":71,"column":35},"end":{"line":71,"column":95}},"line":71},"14":{"name":"(anonymous_14)","decl":{"start":{"line":75,"column":60},"end":{"line":75,"column":75}},"loc":{"start":{"line":75,"column":75},"end":{"line":75,"column":97}},"line":75},"15":{"name":"(anonymous_15)","decl":{"start":{"line":89,"column":42},"end":{"line":89,"column":55}},"loc":{"start":{"line":89,"column":62},"end":{"line":89,"column":89}},"line":89},"16":{"name":"(anonymous_16)","decl":{"start":{"line":96,"column":38},"end":{"line":96,"column":51}},"loc":{"start":{"line":96,"column":58},"end":{"line":96,"column":85}},"line":96},"17":{"name":"EventTable","decl":{"start":{"line":102,"column":9},"end":{"line":102,"column":20}},"loc":{"start":{"line":102,"column":44},"end":{"line":131,"column":null}},"line":102},"18":{"name":"(anonymous_18)","decl":{"start":{"line":117,"column":16},"end":{"line":117,"column":21}},"loc":{"start":{"line":118,"column":10},"end":{"line":126,"column":null}},"line":118},"19":{"name":"(anonymous_19)","decl":{"start":{"line":118,"column":51},"end":{"line":118,"column":66}},"loc":{"start":{"line":118,"column":66},"end":{"line":118,"column":null}},"line":118}},"branchMap":{"0":{"loc":{"start":{"line":49,"column":7},"end":{"line":49,"column":null}},"type":"binary-expr","locations":[{"start":{"line":49,"column":7},"end":{"line":49,"column":16}},{"start":{"line":49,"column":16},"end":{"line":49,"column":null}}],"line":49},"1":{"loc":{"start":{"line":51,"column":7},"end":{"line":82,"column":null}},"type":"binary-expr","locations":[{"start":{"line":51,"column":7},"end":{"line":51,"column":null}},{"start":{"line":52,"column":8},"end":{"line":82,"column":null}}],"line":51},"2":{"loc":{"start":{"line":77,"column":19},"end":{"line":77,"column":null}},"type":"cond-expr","locations":[{"start":{"line":77,"column":30},"end":{"line":77,"column":44}},{"start":{"line":77,"column":44},"end":{"line":77,"column":null}}],"line":77},"3":{"loc":{"start":{"line":87,"column":9},"end":{"line":90,"column":null}},"type":"cond-expr","locations":[{"start":{"line":88,"column":12},"end":{"line":89,"column":13}},{"start":{"line":89,"column":12},"end":{"line":90,"column":null}}],"line":87},"4":{"loc":{"start":{"line":94,"column":9},"end":{"line":97,"column":null}},"type":"cond-expr","locations":[{"start":{"line":95,"column":12},"end":{"line":96,"column":13}},{"start":{"line":96,"column":12},"end":{"line":97,"column":null}}],"line":94}},"s":{"0":124,"1":40,"2":40,"3":40,"4":40,"5":40,"6":40,"7":40,"8":7,"9":1,"10":40,"11":40,"12":62,"13":1,"14":1,"15":1,"16":1,"17":1,"18":0,"19":1,"20":40,"21":2,"22":0,"23":4,"24":13,"25":1,"26":0,"27":8,"28":0,"29":0,"30":1,"31":0,"32":62,"33":62,"34":1},"f":{"0":124,"1":40,"2":7,"3":1,"4":62,"5":1,"6":2,"7":0,"8":4,"9":13,"10":1,"11":0,"12":8,"13":0,"14":0,"15":1,"16":0,"17":62,"18":62,"19":1},"b":{"0":[40,1],"1":[40,26],"2":[1,25],"3":[9,31],"4":[9,31]},"meta":{"lastBranch":5,"lastFunction":20,"lastStatement":35,"seen":{"f:6:9:6:20":0,"s:7:2:7:Infinity":0,"f:10:24:10:39":1,"s:11:8:11:Infinity":1,"s:12:17:12:Infinity":2,"s:13:16:13:Infinity":3,"s:14:21:14:Infinity":4,"s:15:15:17:Infinity":5,"s:18:19:18:Infinity":6,"s:20:2:22:Infinity":7,"f:20:2:20:18":2,"s:21:4:21:Infinity":8,"f:21:32:21:39":3,"s:21:45:21:64":9,"s:24:19:24:Infinity":10,"s:25:15:25:Infinity":11,"f:25:22:25:30":4,"s:25:36:25:50":12,"f:27:17:27:30":5,"s:28:4:28:Infinity":13,"s:29:4:29:Infinity":14,"s:30:4:37:Infinity":15,"s:31:21:31:Infinity":16,"s:32:6:32:Infinity":17,"s:34:6:34:Infinity":18,"s:36:6:36:Infinity":19,"s:40:2:98:Infinity":20,"f:44:40:44:55":6,"s:44:55:44:76":21,"b:49:7:49:16:49:16:49:Infinity":0,"b:51:7:51:Infinity:52:8:82:Infinity":1,"f:52:40:52:55":7,"s:52:55:52:Infinity":22,"f:53:33:53:43":8,"s:53:49:53:Infinity":23,"f:57:50:57:61":9,"s:57:67:57:112":24,"f:61:18:61:29":10,"s:61:35:61:80":25,"f:64:51:64:62":11,"s:64:68:64:120":26,"f:67:54:67:65":12,"s:67:71:67:120":27,"f:71:18:71:29":13,"s:71:35:71:95":28,"f:75:60:75:75":14,"s:75:75:75:97":29,"b:77:30:77:44:77:44:77:Infinity":2,"b:88:12:89:13:89:12:90:Infinity":3,"f:89:42:89:55":15,"s:89:62:89:89":30,"b:95:12:96:13:96:12:97:Infinity":4,"f:96:38:96:51":16,"s:96:58:96:85":31,"f:102:9:102:20":17,"s:103:2:129:Infinity":32,"f:117:16:117:21":18,"s:118:10:126:Infinity":33,"f:118:51:118:66":19,"s:118:66:118:Infinity":34},"fnNames":{}}}
,"/Users/kevinpanahi/Documents/Workspace/party-time/admin_ui/src/test/msw/handlers.js": {"path":"/Users/kevinpanahi/Documents/Workspace/party-time/admin_ui/src/test/msw/handlers.js","statementMap":{"0":{"start":{"line":3,"column":20},"end":{"line":3,"column":null}},"1":{"start":{"line":5,"column":24},"end":{"line":5,"column":null}},"2":{"start":{"line":6,"column":26},"end":{"line":6,"column":null}},"3":{"start":{"line":8,"column":29},"end":{"line":31,"column":null}},"4":{"start":{"line":33,"column":28},"end":{"line":56,"column":null}},"5":{"start":{"line":58,"column":31},"end":{"line":61,"column":null}},"6":{"start":{"line":63,"column":28},"end":{"line":73,"column":null}},"7":{"start":{"line":75,"column":24},"end":{"line":100,"column":null}},"8":{"start":{"line":76,"column":35},"end":{"line":76,"column":67}},"9":{"start":{"line":79,"column":4},"end":{"line":79,"column":null}},"10":{"start":{"line":79,"column":32},"end":{"line":79,"column":null}},"11":{"start":{"line":80,"column":4},"end":{"line":80,"column":null}},"12":{"start":{"line":83,"column":36},"end":{"line":83,"column":77}},"13":{"start":{"line":85,"column":39},"end":{"line":85,"column":70}},"14":{"start":{"line":87,"column":47},"end":{"line":87,"column":78}},"15":{"start":{"line":89,"column":45},"end":{"line":89,"column":76}},"16":{"start":{"line":91,"column":49},"end":{"line":91,"column":80}},"17":{"start":{"line":93,"column":48},"end":{"line":93,"column":79}},"18":{"start":{"line":95,"column":37},"end":{"line":95,"column":71}},"19":{"start":{"line":97,"column":38},"end":{"line":97,"column":81}},"20":{"start":{"line":99,"column":41},"end":{"line":99,"column":72}}},"fnMap":{"0":{"name":"(anonymous_0)","decl":{"start":{"line":76,"column":19},"end":{"line":76,"column":35}},"loc":{"start":{"line":76,"column":35},"end":{"line":76,"column":67}},"line":76},"1":{"name":"(anonymous_1)","decl":{"start":{"line":78,"column":19},"end":{"line":78,"column":34}},"loc":{"start":{"line":78,"column":49},"end":{"line":81,"column":3}},"line":78},"2":{"name":"(anonymous_2)","decl":{"start":{"line":83,"column":20},"end":{"line":83,"column":36}},"loc":{"start":{"line":83,"column":36},"end":{"line":83,"column":77}},"line":83},"3":{"name":"(anonymous_3)","decl":{"start":{"line":85,"column":19},"end":{"line":85,"column":39}},"loc":{"start":{"line":85,"column":39},"end":{"line":85,"column":70}},"line":85},"4":{"name":"(anonymous_4)","decl":{"start":{"line":87,"column":20},"end":{"line":87,"column":47}},"loc":{"start":{"line":87,"column":47},"end":{"line":87,"column":78}},"line":87},"5":{"name":"(anonymous_5)","decl":{"start":{"line":89,"column":19},"end":{"line":89,"column":45}},"loc":{"start":{"line":89,"column":45},"end":{"line":89,"column":76}},"line":89},"6":{"name":"(anonymous_6)","decl":{"start":{"line":91,"column":20},"end":{"line":91,"column":49}},"loc":{"start":{"line":91,"column":49},"end":{"line":91,"column":80}},"line":91},"7":{"name":"(anonymous_7)","decl":{"start":{"line":93,"column":20},"end":{"line":93,"column":48}},"loc":{"start":{"line":93,"column":48},"end":{"line":93,"column":79}},"line":93},"8":{"name":"(anonymous_8)","decl":{"start":{"line":95,"column":19},"end":{"line":95,"column":37}},"loc":{"start":{"line":95,"column":37},"end":{"line":95,"column":71}},"line":95},"9":{"name":"(anonymous_9)","decl":{"start":{"line":97,"column":20},"end":{"line":97,"column":38}},"loc":{"start":{"line":97,"column":38},"end":{"line":97,"column":81}},"line":97},"10":{"name":"(anonymous_10)","decl":{"start":{"line":99,"column":19},"end":{"line":99,"column":41}},"loc":{"start":{"line":99,"column":41},"end":{"line":99,"column":72}},"line":99}},"branchMap":{"0":{"loc":{"start":{"line":79,"column":4},"end":{"line":79,"column":null}},"type":"if","locations":[{"start":{"line":79,"column":4},"end":{"line":79,"column":null}},{"start":{},"end":{}}],"line":79}},"s":{"0":4,"1":4,"2":4,"3":4,"4":4,"5":4,"6":4,"7":4,"8":5,"9":26,"10":26,"11":0,"12":1,"13":2,"14":2,"15":4,"16":1,"17":2,"18":15,"19":1,"20":1},"f":{"0":5,"1":26,"2":1,"3":2,"4":2,"5":4,"6":1,"7":2,"8":15,"9":1,"10":1},"b":{"0":[26,0]},"meta":{"lastBranch":1,"lastFunction":11,"lastStatement":21,"seen":{"s:3:20:3:Infinity":0,"s:5:24:5:Infinity":1,"s:6:26:6:Infinity":2,"s:8:29:31:Infinity":3,"s:33:28:56:Infinity":4,"s:58:31:61:Infinity":5,"s:63:28:73:Infinity":6,"s:75:24:100:Infinity":7,"f:76:19:76:35":0,"s:76:35:76:67":8,"f:78:19:78:34":1,"b:79:4:79:Infinity:undefined:undefined:undefined:undefined":0,"s:79:4:79:Infinity":9,"s:79:32:79:Infinity":10,"s:80:4:80:Infinity":11,"f:83:20:83:36":2,"s:83:36:83:77":12,"f:85:19:85:39":3,"s:85:39:85:70":13,"f:87:20:87:47":4,"s:87:47:87:78":14,"f:89:19:89:45":5,"s:89:45:89:76":15,"f:91:20:91:49":6,"s:91:49:91:80":16,"f:93:20:93:48":7,"s:93:48:93:79":17,"f:95:19:95:37":8,"s:95:37:95:71":18,"f:97:20:97:38":9,"s:97:38:97:81":19,"f:99:19:99:41":10,"s:99:41:99:72":20},"fnNames":{}}}
,"/Users/kevinpanahi/Documents/Workspace/party-time/admin_ui/src/test/msw/server.js": {"path":"/Users/kevinpanahi/Documents/Workspace/party-time/admin_ui/src/test/msw/server.js","statementMap":{"0":{"start":{"line":4,"column":13},"end":{"line":4,"column":null}}},"fnMap":{},"branchMap":{},"s":{"0":4},"f":{},"b":{},"meta":{"lastBranch":0,"lastFunction":0,"lastStatement":1,"seen":{"s:4:13:4:Infinity":0},"fnNames":{}}}
}
